<?xml version="1.0" encoding="UTF-8"?>
<testsuite xmlns:xsi="http://www.w3.org/2001/XMLSchema-instance" xsi:noNamespaceSchemaLocation="https://maven.apache.org/surefire/maven-surefire-plugin/xsd/surefire-test-report-3.0.xsd" version="3.0" name="ru.taksebe.telegram.mentalCalculation.calculation.ArithmeticServiceTest" time="19.728" tests="1" errors="0" skipped="0" failures="0">
  <properties>
    <property name="java.specification.version" value="16"/>
    <property name="sun.cpu.isalist" value="amd64"/>
    <property name="sun.jnu.encoding" value="Cp1251"/>
    <property name="java.class.path" value="C:\Users\gogi\IdeaProjects\mentalCalculationBot\target\test-classes;C:\Users\gogi\IdeaProjects\mentalCalculationBot\target\classes;C:\Users\gogi\.m2\repository\org\projectlombok\lombok\1.18.20\lombok-1.18.20.jar;C:\Users\gogi\.m2\repository\commons-logging\commons-logging\1.1.1\commons-logging-1.1.1.jar;C:\Users\gogi\.m2\repository\org\dom4j\dom4j\2.1.3\dom4j-2.1.3.jar;C:\Users\gogi\.m2\repository\org\junit\jupiter\junit-jupiter\5.7.0\junit-jupiter-5.7.0.jar;C:\Users\gogi\.m2\repository\org\junit\jupiter\junit-jupiter-api\5.7.0\junit-jupiter-api-5.7.0.jar;C:\Users\gogi\.m2\repository\org\apiguardian\apiguardian-api\1.1.0\apiguardian-api-1.1.0.jar;C:\Users\gogi\.m2\repository\org\opentest4j\opentest4j\1.2.0\opentest4j-1.2.0.jar;C:\Users\gogi\.m2\repository\org\junit\platform\junit-platform-commons\1.7.0\junit-platform-commons-1.7.0.jar;C:\Users\gogi\.m2\repository\org\junit\jupiter\junit-jupiter-params\5.7.0\junit-jupiter-params-5.7.0.jar;C:\Users\gogi\.m2\repository\org\junit\jupiter\junit-jupiter-engine\5.7.0\junit-jupiter-engine-5.7.0.jar;C:\Users\gogi\.m2\repository\org\junit\platform\junit-platform-engine\1.7.0\junit-platform-engine-1.7.0.jar;C:\Users\gogi\.m2\repository\org\slf4j\slf4j-log4j12\1.7.30\slf4j-log4j12-1.7.30.jar;C:\Users\gogi\.m2\repository\org\slf4j\slf4j-api\1.7.30\slf4j-api-1.7.30.jar;C:\Users\gogi\.m2\repository\log4j\log4j\1.2.17\log4j-1.2.17.jar;C:\Users\gogi\.m2\repository\org\apache\poi\poi\4.1.2\poi-4.1.2.jar;C:\Users\gogi\.m2\repository\commons-codec\commons-codec\1.13\commons-codec-1.13.jar;C:\Users\gogi\.m2\repository\org\apache\commons\commons-collections4\4.4\commons-collections4-4.4.jar;C:\Users\gogi\.m2\repository\org\apache\commons\commons-math3\3.6.1\commons-math3-3.6.1.jar;C:\Users\gogi\.m2\repository\com\zaxxer\SparseBitSet\1.2\SparseBitSet-1.2.jar;C:\Users\gogi\.m2\repository\org\apache\poi\poi-ooxml\4.1.2\poi-ooxml-4.1.2.jar;C:\Users\gogi\.m2\repository\org\apache\poi\poi-ooxml-schemas\4.1.2\poi-ooxml-schemas-4.1.2.jar;C:\Users\gogi\.m2\repository\org\apache\commons\commons-compress\1.19\commons-compress-1.19.jar;C:\Users\gogi\.m2\repository\com\github\virtuald\curvesapi\1.06\curvesapi-1.06.jar;C:\Users\gogi\.m2\repository\org\apache\poi\ooxml-schemas\1.4\ooxml-schemas-1.4.jar;C:\Users\gogi\.m2\repository\org\apache\xmlbeans\xmlbeans\3.0.1\xmlbeans-3.0.1.jar;C:\Users\gogi\.m2\repository\org\telegram\telegrambots\5.5.0\telegrambots-5.5.0.jar;C:\Users\gogi\.m2\repository\org\telegram\telegrambots-meta\5.5.0\telegrambots-meta-5.5.0.jar;C:\Users\gogi\.m2\repository\com\google\guava\guava\30.0-jre\guava-30.0-jre.jar;C:\Users\gogi\.m2\repository\com\google\guava\failureaccess\1.0.1\failureaccess-1.0.1.jar;C:\Users\gogi\.m2\repository\com\google\guava\listenablefuture\9999.0-empty-to-avoid-conflict-with-guava\listenablefuture-9999.0-empty-to-avoid-conflict-with-guava.jar;C:\Users\gogi\.m2\repository\com\google\code\findbugs\jsr305\3.0.2\jsr305-3.0.2.jar;C:\Users\gogi\.m2\repository\com\google\errorprone\error_prone_annotations\2.3.4\error_prone_annotations-2.3.4.jar;C:\Users\gogi\.m2\repository\com\google\j2objc\j2objc-annotations\1.3\j2objc-annotations-1.3.jar;C:\Users\gogi\.m2\repository\com\fasterxml\jackson\core\jackson-annotations\2.11.3\jackson-annotations-2.11.3.jar;C:\Users\gogi\.m2\repository\com\fasterxml\jackson\jaxrs\jackson-jaxrs-json-provider\2.11.3\jackson-jaxrs-json-provider-2.11.3.jar;C:\Users\gogi\.m2\repository\com\fasterxml\jackson\jaxrs\jackson-jaxrs-base\2.11.3\jackson-jaxrs-base-2.11.3.jar;C:\Users\gogi\.m2\repository\com\fasterxml\jackson\module\jackson-module-jaxb-annotations\2.11.3\jackson-module-jaxb-annotations-2.11.3.jar;C:\Users\gogi\.m2\repository\com\fasterxml\jackson\core\jackson-core\2.11.3\jackson-core-2.11.3.jar;C:\Users\gogi\.m2\repository\jakarta\xml\bind\jakarta.xml.bind-api\2.3.2\jakarta.xml.bind-api-2.3.2.jar;C:\Users\gogi\.m2\repository\jakarta\activation\jakarta.activation-api\1.2.1\jakarta.activation-api-1.2.1.jar;C:\Users\gogi\.m2\repository\com\fasterxml\jackson\core\jackson-databind\2.11.3\jackson-databind-2.11.3.jar;C:\Users\gogi\.m2\repository\org\glassfish\jersey\inject\jersey-hk2\2.32\jersey-hk2-2.32.jar;C:\Users\gogi\.m2\repository\org\glassfish\jersey\core\jersey-common\2.32\jersey-common-2.32.jar;C:\Users\gogi\.m2\repository\org\glassfish\hk2\osgi-resource-locator\1.0.3\osgi-resource-locator-1.0.3.jar;C:\Users\gogi\.m2\repository\com\sun\activation\jakarta.activation\1.2.2\jakarta.activation-1.2.2.jar;C:\Users\gogi\.m2\repository\org\glassfish\hk2\hk2-locator\2.6.1\hk2-locator-2.6.1.jar;C:\Users\gogi\.m2\repository\org\glassfish\hk2\external\aopalliance-repackaged\2.6.1\aopalliance-repackaged-2.6.1.jar;C:\Users\gogi\.m2\repository\org\glassfish\hk2\hk2-api\2.6.1\hk2-api-2.6.1.jar;C:\Users\gogi\.m2\repository\org\glassfish\hk2\hk2-utils\2.6.1\hk2-utils-2.6.1.jar;C:\Users\gogi\.m2\repository\org\javassist\javassist\3.25.0-GA\javassist-3.25.0-GA.jar;C:\Users\gogi\.m2\repository\org\glassfish\jersey\media\jersey-media-json-jackson\2.32\jersey-media-json-jackson-2.32.jar;C:\Users\gogi\.m2\repository\org\glassfish\jersey\ext\jersey-entity-filtering\2.32\jersey-entity-filtering-2.32.jar;C:\Users\gogi\.m2\repository\org\glassfish\jersey\containers\jersey-container-grizzly2-http\2.32\jersey-container-grizzly2-http-2.32.jar;C:\Users\gogi\.m2\repository\org\glassfish\hk2\external\jakarta.inject\2.6.1\jakarta.inject-2.6.1.jar;C:\Users\gogi\.m2\repository\org\glassfish\grizzly\grizzly-http-server\2.4.4\grizzly-http-server-2.4.4.jar;C:\Users\gogi\.m2\repository\org\glassfish\grizzly\grizzly-http\2.4.4\grizzly-http-2.4.4.jar;C:\Users\gogi\.m2\repository\org\glassfish\grizzly\grizzly-framework\2.4.4\grizzly-framework-2.4.4.jar;C:\Users\gogi\.m2\repository\jakarta\ws\rs\jakarta.ws.rs-api\2.1.6\jakarta.ws.rs-api-2.1.6.jar;C:\Users\gogi\.m2\repository\org\glassfish\jersey\core\jersey-server\2.32\jersey-server-2.32.jar;C:\Users\gogi\.m2\repository\org\glassfish\jersey\core\jersey-client\2.32\jersey-client-2.32.jar;C:\Users\gogi\.m2\repository\org\glassfish\jersey\media\jersey-media-jaxb\2.32\jersey-media-jaxb-2.32.jar;C:\Users\gogi\.m2\repository\jakarta\annotation\jakarta.annotation-api\1.3.5\jakarta.annotation-api-1.3.5.jar;C:\Users\gogi\.m2\repository\jakarta\validation\jakarta.validation-api\2.0.2\jakarta.validation-api-2.0.2.jar;C:\Users\gogi\.m2\repository\org\json\json\20180813\json-20180813.jar;C:\Users\gogi\.m2\repository\org\apache\httpcomponents\httpclient\4.5.13\httpclient-4.5.13.jar;C:\Users\gogi\.m2\repository\org\apache\httpcomponents\httpcore\4.4.13\httpcore-4.4.13.jar;C:\Users\gogi\.m2\repository\org\apache\httpcomponents\httpmime\4.5.13\httpmime-4.5.13.jar;C:\Users\gogi\.m2\repository\commons-io\commons-io\2.8.0\commons-io-2.8.0.jar;C:\Users\gogi\.m2\repository\org\telegram\telegrambotsextensions\5.5.0\telegrambotsextensions-5.5.0.jar;C:\Users\gogi\.m2\repository\org\postgresql\postgresql\42.3.3\postgresql-42.3.3.jar;C:\Users\gogi\.m2\repository\org\checkerframework\checker-qual\3.5.0\checker-qual-3.5.0.jar;"/>
    <property name="java.vm.vendor" value="Oracle Corporation"/>
    <property name="sun.arch.data.model" value="64"/>
    <property name="user.variant" value=""/>
    <property name="java.vendor.url" value="https://java.oracle.com/"/>
    <property name="user.timezone" value="Europe/Moscow"/>
    <property name="os.name" value="Windows 10"/>
    <property name="java.vm.specification.version" value="16"/>
    <property name="sun.java.launcher" value="SUN_STANDARD"/>
    <property name="user.country" value="RU"/>
    <property name="sun.boot.library.path" value="X:\Program Files\Java\jdk-16.0.1\bin"/>
    <property name="sun.java.command" value="C:\Users\gogi\AppData\Local\Temp\surefire6225274276997626107\surefirebooter2685134577216761846.jar C:\Users\gogi\AppData\Local\Temp\surefire6225274276997626107 2022-10-08T21-41-55_282-jvmRun1 surefire16499488628447577423tmp surefire_017060976160492262000tmp"/>
    <property name="jdk.debug" value="release"/>
    <property name="surefire.test.class.path" value="C:\Users\gogi\IdeaProjects\mentalCalculationBot\target\test-classes;C:\Users\gogi\IdeaProjects\mentalCalculationBot\target\classes;C:\Users\gogi\.m2\repository\org\projectlombok\lombok\1.18.20\lombok-1.18.20.jar;C:\Users\gogi\.m2\repository\commons-logging\commons-logging\1.1.1\commons-logging-1.1.1.jar;C:\Users\gogi\.m2\repository\org\dom4j\dom4j\2.1.3\dom4j-2.1.3.jar;C:\Users\gogi\.m2\repository\org\junit\jupiter\junit-jupiter\5.7.0\junit-jupiter-5.7.0.jar;C:\Users\gogi\.m2\repository\org\junit\jupiter\junit-jupiter-api\5.7.0\junit-jupiter-api-5.7.0.jar;C:\Users\gogi\.m2\repository\org\apiguardian\apiguardian-api\1.1.0\apiguardian-api-1.1.0.jar;C:\Users\gogi\.m2\repository\org\opentest4j\opentest4j\1.2.0\opentest4j-1.2.0.jar;C:\Users\gogi\.m2\repository\org\junit\platform\junit-platform-commons\1.7.0\junit-platform-commons-1.7.0.jar;C:\Users\gogi\.m2\repository\org\junit\jupiter\junit-jupiter-params\5.7.0\junit-jupiter-params-5.7.0.jar;C:\Users\gogi\.m2\repository\org\junit\jupiter\junit-jupiter-engine\5.7.0\junit-jupiter-engine-5.7.0.jar;C:\Users\gogi\.m2\repository\org\junit\platform\junit-platform-engine\1.7.0\junit-platform-engine-1.7.0.jar;C:\Users\gogi\.m2\repository\org\slf4j\slf4j-log4j12\1.7.30\slf4j-log4j12-1.7.30.jar;C:\Users\gogi\.m2\repository\org\slf4j\slf4j-api\1.7.30\slf4j-api-1.7.30.jar;C:\Users\gogi\.m2\repository\log4j\log4j\1.2.17\log4j-1.2.17.jar;C:\Users\gogi\.m2\repository\org\apache\poi\poi\4.1.2\poi-4.1.2.jar;C:\Users\gogi\.m2\repository\commons-codec\commons-codec\1.13\commons-codec-1.13.jar;C:\Users\gogi\.m2\repository\org\apache\commons\commons-collections4\4.4\commons-collections4-4.4.jar;C:\Users\gogi\.m2\repository\org\apache\commons\commons-math3\3.6.1\commons-math3-3.6.1.jar;C:\Users\gogi\.m2\repository\com\zaxxer\SparseBitSet\1.2\SparseBitSet-1.2.jar;C:\Users\gogi\.m2\repository\org\apache\poi\poi-ooxml\4.1.2\poi-ooxml-4.1.2.jar;C:\Users\gogi\.m2\repository\org\apache\poi\poi-ooxml-schemas\4.1.2\poi-ooxml-schemas-4.1.2.jar;C:\Users\gogi\.m2\repository\org\apache\commons\commons-compress\1.19\commons-compress-1.19.jar;C:\Users\gogi\.m2\repository\com\github\virtuald\curvesapi\1.06\curvesapi-1.06.jar;C:\Users\gogi\.m2\repository\org\apache\poi\ooxml-schemas\1.4\ooxml-schemas-1.4.jar;C:\Users\gogi\.m2\repository\org\apache\xmlbeans\xmlbeans\3.0.1\xmlbeans-3.0.1.jar;C:\Users\gogi\.m2\repository\org\telegram\telegrambots\5.5.0\telegrambots-5.5.0.jar;C:\Users\gogi\.m2\repository\org\telegram\telegrambots-meta\5.5.0\telegrambots-meta-5.5.0.jar;C:\Users\gogi\.m2\repository\com\google\guava\guava\30.0-jre\guava-30.0-jre.jar;C:\Users\gogi\.m2\repository\com\google\guava\failureaccess\1.0.1\failureaccess-1.0.1.jar;C:\Users\gogi\.m2\repository\com\google\guava\listenablefuture\9999.0-empty-to-avoid-conflict-with-guava\listenablefuture-9999.0-empty-to-avoid-conflict-with-guava.jar;C:\Users\gogi\.m2\repository\com\google\code\findbugs\jsr305\3.0.2\jsr305-3.0.2.jar;C:\Users\gogi\.m2\repository\com\google\errorprone\error_prone_annotations\2.3.4\error_prone_annotations-2.3.4.jar;C:\Users\gogi\.m2\repository\com\google\j2objc\j2objc-annotations\1.3\j2objc-annotations-1.3.jar;C:\Users\gogi\.m2\repository\com\fasterxml\jackson\core\jackson-annotations\2.11.3\jackson-annotations-2.11.3.jar;C:\Users\gogi\.m2\repository\com\fasterxml\jackson\jaxrs\jackson-jaxrs-json-provider\2.11.3\jackson-jaxrs-json-provider-2.11.3.jar;C:\Users\gogi\.m2\repository\com\fasterxml\jackson\jaxrs\jackson-jaxrs-base\2.11.3\jackson-jaxrs-base-2.11.3.jar;C:\Users\gogi\.m2\repository\com\fasterxml\jackson\module\jackson-module-jaxb-annotations\2.11.3\jackson-module-jaxb-annotations-2.11.3.jar;C:\Users\gogi\.m2\repository\com\fasterxml\jackson\core\jackson-core\2.11.3\jackson-core-2.11.3.jar;C:\Users\gogi\.m2\repository\jakarta\xml\bind\jakarta.xml.bind-api\2.3.2\jakarta.xml.bind-api-2.3.2.jar;C:\Users\gogi\.m2\repository\jakarta\activation\jakarta.activation-api\1.2.1\jakarta.activation-api-1.2.1.jar;C:\Users\gogi\.m2\repository\com\fasterxml\jackson\core\jackson-databind\2.11.3\jackson-databind-2.11.3.jar;C:\Users\gogi\.m2\repository\org\glassfish\jersey\inject\jersey-hk2\2.32\jersey-hk2-2.32.jar;C:\Users\gogi\.m2\repository\org\glassfish\jersey\core\jersey-common\2.32\jersey-common-2.32.jar;C:\Users\gogi\.m2\repository\org\glassfish\hk2\osgi-resource-locator\1.0.3\osgi-resource-locator-1.0.3.jar;C:\Users\gogi\.m2\repository\com\sun\activation\jakarta.activation\1.2.2\jakarta.activation-1.2.2.jar;C:\Users\gogi\.m2\repository\org\glassfish\hk2\hk2-locator\2.6.1\hk2-locator-2.6.1.jar;C:\Users\gogi\.m2\repository\org\glassfish\hk2\external\aopalliance-repackaged\2.6.1\aopalliance-repackaged-2.6.1.jar;C:\Users\gogi\.m2\repository\org\glassfish\hk2\hk2-api\2.6.1\hk2-api-2.6.1.jar;C:\Users\gogi\.m2\repository\org\glassfish\hk2\hk2-utils\2.6.1\hk2-utils-2.6.1.jar;C:\Users\gogi\.m2\repository\org\javassist\javassist\3.25.0-GA\javassist-3.25.0-GA.jar;C:\Users\gogi\.m2\repository\org\glassfish\jersey\media\jersey-media-json-jackson\2.32\jersey-media-json-jackson-2.32.jar;C:\Users\gogi\.m2\repository\org\glassfish\jersey\ext\jersey-entity-filtering\2.32\jersey-entity-filtering-2.32.jar;C:\Users\gogi\.m2\repository\org\glassfish\jersey\containers\jersey-container-grizzly2-http\2.32\jersey-container-grizzly2-http-2.32.jar;C:\Users\gogi\.m2\repository\org\glassfish\hk2\external\jakarta.inject\2.6.1\jakarta.inject-2.6.1.jar;C:\Users\gogi\.m2\repository\org\glassfish\grizzly\grizzly-http-server\2.4.4\grizzly-http-server-2.4.4.jar;C:\Users\gogi\.m2\repository\org\glassfish\grizzly\grizzly-http\2.4.4\grizzly-http-2.4.4.jar;C:\Users\gogi\.m2\repository\org\glassfish\grizzly\grizzly-framework\2.4.4\grizzly-framework-2.4.4.jar;C:\Users\gogi\.m2\repository\jakarta\ws\rs\jakarta.ws.rs-api\2.1.6\jakarta.ws.rs-api-2.1.6.jar;C:\Users\gogi\.m2\repository\org\glassfish\jersey\core\jersey-server\2.32\jersey-server-2.32.jar;C:\Users\gogi\.m2\repository\org\glassfish\jersey\core\jersey-client\2.32\jersey-client-2.32.jar;C:\Users\gogi\.m2\repository\org\glassfish\jersey\media\jersey-media-jaxb\2.32\jersey-media-jaxb-2.32.jar;C:\Users\gogi\.m2\repository\jakarta\annotation\jakarta.annotation-api\1.3.5\jakarta.annotation-api-1.3.5.jar;C:\Users\gogi\.m2\repository\jakarta\validation\jakarta.validation-api\2.0.2\jakarta.validation-api-2.0.2.jar;C:\Users\gogi\.m2\repository\org\json\json\20180813\json-20180813.jar;C:\Users\gogi\.m2\repository\org\apache\httpcomponents\httpclient\4.5.13\httpclient-4.5.13.jar;C:\Users\gogi\.m2\repository\org\apache\httpcomponents\httpcore\4.4.13\httpcore-4.4.13.jar;C:\Users\gogi\.m2\repository\org\apache\httpcomponents\httpmime\4.5.13\httpmime-4.5.13.jar;C:\Users\gogi\.m2\repository\commons-io\commons-io\2.8.0\commons-io-2.8.0.jar;C:\Users\gogi\.m2\repository\org\telegram\telegrambotsextensions\5.5.0\telegrambotsextensions-5.5.0.jar;C:\Users\gogi\.m2\repository\org\postgresql\postgresql\42.3.3\postgresql-42.3.3.jar;C:\Users\gogi\.m2\repository\org\checkerframework\checker-qual\3.5.0\checker-qual-3.5.0.jar;"/>
    <property name="sun.cpu.endian" value="little"/>
    <property name="user.home" value="C:\Users\gogi"/>
    <property name="user.language" value="ru"/>
    <property name="java.specification.vendor" value="Oracle Corporation"/>
    <property name="java.version.date" value="2021-04-20"/>
    <property name="java.home" value="X:\Program Files\Java\jdk-16.0.1"/>
    <property name="file.separator" value="\"/>
    <property name="basedir" value="C:\Users\gogi\IdeaProjects\mentalCalculationBot"/>
    <property name="java.vm.compressedOopsMode" value="32-bit"/>
    <property name="line.separator" value="&#10;"/>
    <property name="java.vm.specification.vendor" value="Oracle Corporation"/>
    <property name="java.specification.name" value="Java Platform API Specification"/>
    <property name="surefire.real.class.path" value="C:\Users\gogi\AppData\Local\Temp\surefire6225274276997626107\surefirebooter2685134577216761846.jar"/>
    <property name="user.script" value=""/>
    <property name="sun.management.compiler" value="HotSpot 64-Bit Tiered Compilers"/>
    <property name="java.runtime.version" value="16.0.1+9-24"/>
    <property name="user.name" value="gogi"/>
    <property name="path.separator" value=";"/>
    <property name="os.version" value="10.0"/>
    <property name="java.runtime.name" value="Java(TM) SE Runtime Environment"/>
    <property name="file.encoding" value="Cp1251"/>
    <property name="java.vm.name" value="Java HotSpot(TM) 64-Bit Server VM"/>
    <property name="localRepository" value="C:\Users\gogi\.m2\repository"/>
    <property name="java.vendor.url.bug" value="https://bugreport.java.com/bugreport/"/>
    <property name="java.io.tmpdir" value="C:\Users\gogi\AppData\Local\Temp\"/>
    <property name="idea.version" value="2021.1.2"/>
    <property name="java.version" value="16.0.1"/>
    <property name="user.dir" value="C:\Users\gogi\IdeaProjects\mentalCalculationBot"/>
    <property name="os.arch" value="amd64"/>
    <property name="java.vm.specification.name" value="Java Virtual Machine Specification"/>
    <property name="sun.os.patch.level" value=""/>
    <property name="java.library.path" value="X:\Program Files\Java\jdk-16.0.1\bin;C:\WINDOWS\Sun\Java\bin;C:\WINDOWS\system32;C:\WINDOWS;C:\Program Files\Common Files\Oracle\Java\javapath;C:\Program Files (x86)\Common Files\Oracle\Java\javapath;C:\Windows\system32;C:\Windows;C:\Windows\System32\Wbem;C:\Windows\System32\WindowsPowerShell\v1.0\;C:\Windows\System32\OpenSSH\;C:\Program Files (x86)\NVIDIA Corporation\PhysX\Common;C:\WINDOWS\system32;C:\WINDOWS;C:\WINDOWS\System32\Wbem;C:\WINDOWS\System32\WindowsPowerShell\v1.0\;C:\WINDOWS\System32\OpenSSH\;C:\ProgramData\Microsoft\Windows\Start Menu\Programs\Java;X:\zoo\apache-zookeeper-3.7.0-bin\bin;X:\Program Files\curl-7.79.1-win64-mingw\curl-7.79.1-win64-mingw\bin;C:\Program Files\Git\cmd;C:\Program Files (x86)\Micro Focus\LoadRunner\bin\Silk\Silk Performer 21.0;C:\Program Files (x86)\dotnet\;C:\Users\gogi\AppData\Local\Microsoft\WindowsApps;C:\ProgramData\Microsoft\Windows\Start Menu\Programs\Java;;."/>
    <property name="java.vm.info" value="mixed mode, sharing"/>
    <property name="java.vendor" value="Oracle Corporation"/>
    <property name="java.vm.version" value="16.0.1+9-24"/>
    <property name="sun.io.unicode.encoding" value="UnicodeLittle"/>
    <property name="java.class.version" value="60.0"/>
  </properties>
  <testcase name="getArithmeticFileTest" classname="ru.taksebe.telegram.mentalCalculation.calculation.ArithmeticServiceTest" time="19.655">
    <system-out><![CDATA[2022-10-08 21:42:00 INFO  ArithmeticServiceTest:30 - Начинаем создание настроек
2022-10-08 21:42:00 INFO  ArithmeticServiceTest:56 - Не удалось создать настройки для следующих пар значений:
2022-10-08 21:42:00 INFO  ArithmeticServiceTest:1511 - 1 и 1
2022-10-08 21:42:00 INFO  ArithmeticServiceTest:1511 - 2 и 2
2022-10-08 21:42:00 INFO  ArithmeticServiceTest:1511 - 3 и 3
2022-10-08 21:42:00 INFO  ArithmeticServiceTest:1511 - 4 и 4
2022-10-08 21:42:00 INFO  ArithmeticServiceTest:1511 - 5 и 5
2022-10-08 21:42:00 INFO  ArithmeticServiceTest:1511 - 6 и 6
2022-10-08 21:42:00 INFO  ArithmeticServiceTest:1511 - 7 и 7
2022-10-08 21:42:00 INFO  ArithmeticServiceTest:1511 - 8 и 8
2022-10-08 21:42:00 INFO  ArithmeticServiceTest:1511 - 9 и 9
2022-10-08 21:42:00 INFO  ArithmeticServiceTest:1511 - 10 и 10
2022-10-08 21:42:00 INFO  ArithmeticServiceTest:1511 - 11 и 11
2022-10-08 21:42:00 INFO  ArithmeticServiceTest:1511 - 12 и 12
2022-10-08 21:42:00 INFO  ArithmeticServiceTest:1511 - 13 и 13
2022-10-08 21:42:00 INFO  ArithmeticServiceTest:1511 - 14 и 14
2022-10-08 21:42:00 INFO  ArithmeticServiceTest:1511 - 15 и 15
2022-10-08 21:42:00 INFO  ArithmeticServiceTest:1511 - 16 и 16
2022-10-08 21:42:00 INFO  ArithmeticServiceTest:1511 - 17 и 17
2022-10-08 21:42:00 INFO  ArithmeticServiceTest:1511 - 18 и 18
2022-10-08 21:42:00 INFO  ArithmeticServiceTest:1511 - 19 и 19
2022-10-08 21:42:00 INFO  ArithmeticServiceTest:1511 - 20 и 20
2022-10-08 21:42:00 INFO  ArithmeticServiceTest:33 - Начинаем проверку формирования файлов
2022-10-08 21:42:00 INFO  ArithmeticServiceTest:77 - Проверяем пару значений 1 - 2
2022-10-08 21:42:01 INFO  ArithmeticServiceTest:86 - Проверка пары значений 1 - 2 прошла успешно
2022-10-08 21:42:01 INFO  ArithmeticServiceTest:77 - Проверяем пару значений 1 - 3
2022-10-08 21:42:01 INFO  ArithmeticServiceTest:86 - Проверка пары значений 1 - 3 прошла успешно
2022-10-08 21:42:01 INFO  ArithmeticServiceTest:77 - Проверяем пару значений 1 - 4
2022-10-08 21:42:02 INFO  ArithmeticServiceTest:86 - Проверка пары значений 1 - 4 прошла успешно
2022-10-08 21:42:02 INFO  ArithmeticServiceTest:77 - Проверяем пару значений 1 - 5
2022-10-08 21:42:02 INFO  ArithmeticServiceTest:86 - Проверка пары значений 1 - 5 прошла успешно
2022-10-08 21:42:02 INFO  ArithmeticServiceTest:77 - Проверяем пару значений 1 - 6
2022-10-08 21:42:02 INFO  ArithmeticServiceTest:86 - Проверка пары значений 1 - 6 прошла успешно
2022-10-08 21:42:02 INFO  ArithmeticServiceTest:77 - Проверяем пару значений 1 - 7
2022-10-08 21:42:02 INFO  ArithmeticServiceTest:86 - Проверка пары значений 1 - 7 прошла успешно
2022-10-08 21:42:02 INFO  ArithmeticServiceTest:77 - Проверяем пару значений 1 - 8
2022-10-08 21:42:02 INFO  ArithmeticServiceTest:86 - Проверка пары значений 1 - 8 прошла успешно
2022-10-08 21:42:02 INFO  ArithmeticServiceTest:77 - Проверяем пару значений 1 - 9
2022-10-08 21:42:02 INFO  ArithmeticServiceTest:86 - Проверка пары значений 1 - 9 прошла успешно
2022-10-08 21:42:02 INFO  ArithmeticServiceTest:77 - Проверяем пару значений 1 - 10
2022-10-08 21:42:03 INFO  ArithmeticServiceTest:86 - Проверка пары значений 1 - 10 прошла успешно
2022-10-08 21:42:03 INFO  ArithmeticServiceTest:77 - Проверяем пару значений 1 - 11
2022-10-08 21:42:03 INFO  ArithmeticServiceTest:86 - Проверка пары значений 1 - 11 прошла успешно
2022-10-08 21:42:03 INFO  ArithmeticServiceTest:77 - Проверяем пару значений 1 - 12
2022-10-08 21:42:03 INFO  ArithmeticServiceTest:86 - Проверка пары значений 1 - 12 прошла успешно
2022-10-08 21:42:03 INFO  ArithmeticServiceTest:77 - Проверяем пару значений 1 - 13
2022-10-08 21:42:03 INFO  ArithmeticServiceTest:86 - Проверка пары значений 1 - 13 прошла успешно
2022-10-08 21:42:03 INFO  ArithmeticServiceTest:77 - Проверяем пару значений 1 - 14
2022-10-08 21:42:03 INFO  ArithmeticServiceTest:86 - Проверка пары значений 1 - 14 прошла успешно
2022-10-08 21:42:03 INFO  ArithmeticServiceTest:77 - Проверяем пару значений 1 - 15
2022-10-08 21:42:03 INFO  ArithmeticServiceTest:86 - Проверка пары значений 1 - 15 прошла успешно
2022-10-08 21:42:03 INFO  ArithmeticServiceTest:77 - Проверяем пару значений 1 - 16
2022-10-08 21:42:03 INFO  ArithmeticServiceTest:86 - Проверка пары значений 1 - 16 прошла успешно
2022-10-08 21:42:03 INFO  ArithmeticServiceTest:77 - Проверяем пару значений 1 - 17
2022-10-08 21:42:03 INFO  ArithmeticServiceTest:86 - Проверка пары значений 1 - 17 прошла успешно
2022-10-08 21:42:03 INFO  ArithmeticServiceTest:77 - Проверяем пару значений 1 - 18
2022-10-08 21:42:03 INFO  ArithmeticServiceTest:86 - Проверка пары значений 1 - 18 прошла успешно
2022-10-08 21:42:03 INFO  ArithmeticServiceTest:77 - Проверяем пару значений 1 - 19
2022-10-08 21:42:03 INFO  ArithmeticServiceTest:86 - Проверка пары значений 1 - 19 прошла успешно
2022-10-08 21:42:03 INFO  ArithmeticServiceTest:77 - Проверяем пару значений 1 - 20
2022-10-08 21:42:03 INFO  ArithmeticServiceTest:86 - Проверка пары значений 1 - 20 прошла успешно
2022-10-08 21:42:03 INFO  ArithmeticServiceTest:77 - Проверяем пару значений 1 - 2
2022-10-08 21:42:04 INFO  ArithmeticServiceTest:86 - Проверка пары значений 1 - 2 прошла успешно
2022-10-08 21:42:04 INFO  ArithmeticServiceTest:77 - Проверяем пару значений 2 - 3
2022-10-08 21:42:04 INFO  ArithmeticServiceTest:86 - Проверка пары значений 2 - 3 прошла успешно
2022-10-08 21:42:04 INFO  ArithmeticServiceTest:77 - Проверяем пару значений 2 - 4
2022-10-08 21:42:04 INFO  ArithmeticServiceTest:86 - Проверка пары значений 2 - 4 прошла успешно
2022-10-08 21:42:04 INFO  ArithmeticServiceTest:77 - Проверяем пару значений 2 - 5
2022-10-08 21:42:04 INFO  ArithmeticServiceTest:86 - Проверка пары значений 2 - 5 прошла успешно
2022-10-08 21:42:04 INFO  ArithmeticServiceTest:77 - Проверяем пару значений 2 - 6
2022-10-08 21:42:04 INFO  ArithmeticServiceTest:86 - Проверка пары значений 2 - 6 прошла успешно
2022-10-08 21:42:04 INFO  ArithmeticServiceTest:77 - Проверяем пару значений 2 - 7
2022-10-08 21:42:04 INFO  ArithmeticServiceTest:86 - Проверка пары значений 2 - 7 прошла успешно
2022-10-08 21:42:04 INFO  ArithmeticServiceTest:77 - Проверяем пару значений 2 - 8
2022-10-08 21:42:04 INFO  ArithmeticServiceTest:86 - Проверка пары значений 2 - 8 прошла успешно
2022-10-08 21:42:04 INFO  ArithmeticServiceTest:77 - Проверяем пару значений 2 - 9
2022-10-08 21:42:04 INFO  ArithmeticServiceTest:86 - Проверка пары значений 2 - 9 прошла успешно
2022-10-08 21:42:04 INFO  ArithmeticServiceTest:77 - Проверяем пару значений 2 - 10
2022-10-08 21:42:04 INFO  ArithmeticServiceTest:86 - Проверка пары значений 2 - 10 прошла успешно
2022-10-08 21:42:04 INFO  ArithmeticServiceTest:77 - Проверяем пару значений 2 - 11
2022-10-08 21:42:04 INFO  ArithmeticServiceTest:86 - Проверка пары значений 2 - 11 прошла успешно
2022-10-08 21:42:04 INFO  ArithmeticServiceTest:77 - Проверяем пару значений 2 - 12
2022-10-08 21:42:04 INFO  ArithmeticServiceTest:86 - Проверка пары значений 2 - 12 прошла успешно
2022-10-08 21:42:04 INFO  ArithmeticServiceTest:77 - Проверяем пару значений 2 - 13
2022-10-08 21:42:04 INFO  ArithmeticServiceTest:86 - Проверка пары значений 2 - 13 прошла успешно
2022-10-08 21:42:04 INFO  ArithmeticServiceTest:77 - Проверяем пару значений 2 - 14
2022-10-08 21:42:04 INFO  ArithmeticServiceTest:86 - Проверка пары значений 2 - 14 прошла успешно
2022-10-08 21:42:04 INFO  ArithmeticServiceTest:77 - Проверяем пару значений 2 - 15
2022-10-08 21:42:05 INFO  ArithmeticServiceTest:86 - Проверка пары значений 2 - 15 прошла успешно
2022-10-08 21:42:05 INFO  ArithmeticServiceTest:77 - Проверяем пару значений 2 - 16
2022-10-08 21:42:05 INFO  ArithmeticServiceTest:86 - Проверка пары значений 2 - 16 прошла успешно
2022-10-08 21:42:05 INFO  ArithmeticServiceTest:77 - Проверяем пару значений 2 - 17
2022-10-08 21:42:05 INFO  ArithmeticServiceTest:86 - Проверка пары значений 2 - 17 прошла успешно
2022-10-08 21:42:05 INFO  ArithmeticServiceTest:77 - Проверяем пару значений 2 - 18
2022-10-08 21:42:05 INFO  ArithmeticServiceTest:86 - Проверка пары значений 2 - 18 прошла успешно
2022-10-08 21:42:05 INFO  ArithmeticServiceTest:77 - Проверяем пару значений 2 - 19
2022-10-08 21:42:05 INFO  ArithmeticServiceTest:86 - Проверка пары значений 2 - 19 прошла успешно
2022-10-08 21:42:05 INFO  ArithmeticServiceTest:77 - Проверяем пару значений 2 - 20
2022-10-08 21:42:05 INFO  ArithmeticServiceTest:86 - Проверка пары значений 2 - 20 прошла успешно
2022-10-08 21:42:05 INFO  ArithmeticServiceTest:77 - Проверяем пару значений 1 - 3
2022-10-08 21:42:05 INFO  ArithmeticServiceTest:86 - Проверка пары значений 1 - 3 прошла успешно
2022-10-08 21:42:05 INFO  ArithmeticServiceTest:77 - Проверяем пару значений 2 - 3
2022-10-08 21:42:05 INFO  ArithmeticServiceTest:86 - Проверка пары значений 2 - 3 прошла успешно
2022-10-08 21:42:05 INFO  ArithmeticServiceTest:77 - Проверяем пару значений 3 - 4
2022-10-08 21:42:05 INFO  ArithmeticServiceTest:86 - Проверка пары значений 3 - 4 прошла успешно
2022-10-08 21:42:05 INFO  ArithmeticServiceTest:77 - Проверяем пару значений 3 - 5
2022-10-08 21:42:05 INFO  ArithmeticServiceTest:86 - Проверка пары значений 3 - 5 прошла успешно
2022-10-08 21:42:05 INFO  ArithmeticServiceTest:77 - Проверяем пару значений 3 - 6
2022-10-08 21:42:05 INFO  ArithmeticServiceTest:86 - Проверка пары значений 3 - 6 прошла успешно
2022-10-08 21:42:05 INFO  ArithmeticServiceTest:77 - Проверяем пару значений 3 - 7
2022-10-08 21:42:05 INFO  ArithmeticServiceTest:86 - Проверка пары значений 3 - 7 прошла успешно
2022-10-08 21:42:05 INFO  ArithmeticServiceTest:77 - Проверяем пару значений 3 - 8
2022-10-08 21:42:05 INFO  ArithmeticServiceTest:86 - Проверка пары значений 3 - 8 прошла успешно
2022-10-08 21:42:05 INFO  ArithmeticServiceTest:77 - Проверяем пару значений 3 - 9
2022-10-08 21:42:05 INFO  ArithmeticServiceTest:86 - Проверка пары значений 3 - 9 прошла успешно
2022-10-08 21:42:05 INFO  ArithmeticServiceTest:77 - Проверяем пару значений 3 - 10
2022-10-08 21:42:05 INFO  ArithmeticServiceTest:86 - Проверка пары значений 3 - 10 прошла успешно
2022-10-08 21:42:05 INFO  ArithmeticServiceTest:77 - Проверяем пару значений 3 - 11
2022-10-08 21:42:05 INFO  ArithmeticServiceTest:86 - Проверка пары значений 3 - 11 прошла успешно
2022-10-08 21:42:05 INFO  ArithmeticServiceTest:77 - Проверяем пару значений 3 - 12
2022-10-08 21:42:06 INFO  ArithmeticServiceTest:86 - Проверка пары значений 3 - 12 прошла успешно
2022-10-08 21:42:06 INFO  ArithmeticServiceTest:77 - Проверяем пару значений 3 - 13
2022-10-08 21:42:06 INFO  ArithmeticServiceTest:86 - Проверка пары значений 3 - 13 прошла успешно
2022-10-08 21:42:06 INFO  ArithmeticServiceTest:77 - Проверяем пару значений 3 - 14
2022-10-08 21:42:06 INFO  ArithmeticServiceTest:86 - Проверка пары значений 3 - 14 прошла успешно
2022-10-08 21:42:06 INFO  ArithmeticServiceTest:77 - Проверяем пару значений 3 - 15
2022-10-08 21:42:06 INFO  ArithmeticServiceTest:86 - Проверка пары значений 3 - 15 прошла успешно
2022-10-08 21:42:06 INFO  ArithmeticServiceTest:77 - Проверяем пару значений 3 - 16
2022-10-08 21:42:06 INFO  ArithmeticServiceTest:86 - Проверка пары значений 3 - 16 прошла успешно
2022-10-08 21:42:06 INFO  ArithmeticServiceTest:77 - Проверяем пару значений 3 - 17
2022-10-08 21:42:06 INFO  ArithmeticServiceTest:86 - Проверка пары значений 3 - 17 прошла успешно
2022-10-08 21:42:06 INFO  ArithmeticServiceTest:77 - Проверяем пару значений 3 - 18
2022-10-08 21:42:06 INFO  ArithmeticServiceTest:86 - Проверка пары значений 3 - 18 прошла успешно
2022-10-08 21:42:06 INFO  ArithmeticServiceTest:77 - Проверяем пару значений 3 - 19
2022-10-08 21:42:06 INFO  ArithmeticServiceTest:86 - Проверка пары значений 3 - 19 прошла успешно
2022-10-08 21:42:06 INFO  ArithmeticServiceTest:77 - Проверяем пару значений 3 - 20
2022-10-08 21:42:06 INFO  ArithmeticServiceTest:86 - Проверка пары значений 3 - 20 прошла успешно
2022-10-08 21:42:06 INFO  ArithmeticServiceTest:77 - Проверяем пару значений 1 - 4
2022-10-08 21:42:06 INFO  ArithmeticServiceTest:86 - Проверка пары значений 1 - 4 прошла успешно
2022-10-08 21:42:06 INFO  ArithmeticServiceTest:77 - Проверяем пару значений 2 - 4
2022-10-08 21:42:06 INFO  ArithmeticServiceTest:86 - Проверка пары значений 2 - 4 прошла успешно
2022-10-08 21:42:06 INFO  ArithmeticServiceTest:77 - Проверяем пару значений 3 - 4
2022-10-08 21:42:06 INFO  ArithmeticServiceTest:86 - Проверка пары значений 3 - 4 прошла успешно
2022-10-08 21:42:06 INFO  ArithmeticServiceTest:77 - Проверяем пару значений 4 - 5
2022-10-08 21:42:06 INFO  ArithmeticServiceTest:86 - Проверка пары значений 4 - 5 прошла успешно
2022-10-08 21:42:06 INFO  ArithmeticServiceTest:77 - Проверяем пару значений 4 - 6
2022-10-08 21:42:06 INFO  ArithmeticServiceTest:86 - Проверка пары значений 4 - 6 прошла успешно
2022-10-08 21:42:06 INFO  ArithmeticServiceTest:77 - Проверяем пару значений 4 - 7
2022-10-08 21:42:06 INFO  ArithmeticServiceTest:86 - Проверка пары значений 4 - 7 прошла успешно
2022-10-08 21:42:06 INFO  ArithmeticServiceTest:77 - Проверяем пару значений 4 - 8
2022-10-08 21:42:06 INFO  ArithmeticServiceTest:86 - Проверка пары значений 4 - 8 прошла успешно
2022-10-08 21:42:06 INFO  ArithmeticServiceTest:77 - Проверяем пару значений 4 - 9
2022-10-08 21:42:06 INFO  ArithmeticServiceTest:86 - Проверка пары значений 4 - 9 прошла успешно
2022-10-08 21:42:06 INFO  ArithmeticServiceTest:77 - Проверяем пару значений 4 - 10
2022-10-08 21:42:06 INFO  ArithmeticServiceTest:86 - Проверка пары значений 4 - 10 прошла успешно
2022-10-08 21:42:06 INFO  ArithmeticServiceTest:77 - Проверяем пару значений 4 - 11
2022-10-08 21:42:06 INFO  ArithmeticServiceTest:86 - Проверка пары значений 4 - 11 прошла успешно
2022-10-08 21:42:06 INFO  ArithmeticServiceTest:77 - Проверяем пару значений 4 - 12
2022-10-08 21:42:06 INFO  ArithmeticServiceTest:86 - Проверка пары значений 4 - 12 прошла успешно
2022-10-08 21:42:06 INFO  ArithmeticServiceTest:77 - Проверяем пару значений 4 - 13
2022-10-08 21:42:07 INFO  ArithmeticServiceTest:86 - Проверка пары значений 4 - 13 прошла успешно
2022-10-08 21:42:07 INFO  ArithmeticServiceTest:77 - Проверяем пару значений 4 - 14
2022-10-08 21:42:07 INFO  ArithmeticServiceTest:86 - Проверка пары значений 4 - 14 прошла успешно
2022-10-08 21:42:07 INFO  ArithmeticServiceTest:77 - Проверяем пару значений 4 - 15
2022-10-08 21:42:07 INFO  ArithmeticServiceTest:86 - Проверка пары значений 4 - 15 прошла успешно
2022-10-08 21:42:07 INFO  ArithmeticServiceTest:77 - Проверяем пару значений 4 - 16
2022-10-08 21:42:07 INFO  ArithmeticServiceTest:86 - Проверка пары значений 4 - 16 прошла успешно
2022-10-08 21:42:07 INFO  ArithmeticServiceTest:77 - Проверяем пару значений 4 - 17
2022-10-08 21:42:07 INFO  ArithmeticServiceTest:86 - Проверка пары значений 4 - 17 прошла успешно
2022-10-08 21:42:07 INFO  ArithmeticServiceTest:77 - Проверяем пару значений 4 - 18
2022-10-08 21:42:07 INFO  ArithmeticServiceTest:86 - Проверка пары значений 4 - 18 прошла успешно
2022-10-08 21:42:07 INFO  ArithmeticServiceTest:77 - Проверяем пару значений 4 - 19
2022-10-08 21:42:07 INFO  ArithmeticServiceTest:86 - Проверка пары значений 4 - 19 прошла успешно
2022-10-08 21:42:07 INFO  ArithmeticServiceTest:77 - Проверяем пару значений 4 - 20
2022-10-08 21:42:07 INFO  ArithmeticServiceTest:86 - Проверка пары значений 4 - 20 прошла успешно
2022-10-08 21:42:07 INFO  ArithmeticServiceTest:77 - Проверяем пару значений 1 - 5
2022-10-08 21:42:07 INFO  ArithmeticServiceTest:86 - Проверка пары значений 1 - 5 прошла успешно
2022-10-08 21:42:07 INFO  ArithmeticServiceTest:77 - Проверяем пару значений 2 - 5
2022-10-08 21:42:07 INFO  ArithmeticServiceTest:86 - Проверка пары значений 2 - 5 прошла успешно
2022-10-08 21:42:07 INFO  ArithmeticServiceTest:77 - Проверяем пару значений 3 - 5
2022-10-08 21:42:07 INFO  ArithmeticServiceTest:86 - Проверка пары значений 3 - 5 прошла успешно
2022-10-08 21:42:07 INFO  ArithmeticServiceTest:77 - Проверяем пару значений 4 - 5
2022-10-08 21:42:07 INFO  ArithmeticServiceTest:86 - Проверка пары значений 4 - 5 прошла успешно
2022-10-08 21:42:07 INFO  ArithmeticServiceTest:77 - Проверяем пару значений 5 - 6
2022-10-08 21:42:07 INFO  ArithmeticServiceTest:86 - Проверка пары значений 5 - 6 прошла успешно
2022-10-08 21:42:07 INFO  ArithmeticServiceTest:77 - Проверяем пару значений 5 - 7
2022-10-08 21:42:07 INFO  ArithmeticServiceTest:86 - Проверка пары значений 5 - 7 прошла успешно
2022-10-08 21:42:07 INFO  ArithmeticServiceTest:77 - Проверяем пару значений 5 - 8
2022-10-08 21:42:07 INFO  ArithmeticServiceTest:86 - Проверка пары значений 5 - 8 прошла успешно
2022-10-08 21:42:07 INFO  ArithmeticServiceTest:77 - Проверяем пару значений 5 - 9
2022-10-08 21:42:07 INFO  ArithmeticServiceTest:86 - Проверка пары значений 5 - 9 прошла успешно
2022-10-08 21:42:07 INFO  ArithmeticServiceTest:77 - Проверяем пару значений 5 - 10
2022-10-08 21:42:07 INFO  ArithmeticServiceTest:86 - Проверка пары значений 5 - 10 прошла успешно
2022-10-08 21:42:07 INFO  ArithmeticServiceTest:77 - Проверяем пару значений 5 - 11
2022-10-08 21:42:07 INFO  ArithmeticServiceTest:86 - Проверка пары значений 5 - 11 прошла успешно
2022-10-08 21:42:07 INFO  ArithmeticServiceTest:77 - Проверяем пару значений 5 - 12
2022-10-08 21:42:07 INFO  ArithmeticServiceTest:86 - Проверка пары значений 5 - 12 прошла успешно
2022-10-08 21:42:07 INFO  ArithmeticServiceTest:77 - Проверяем пару значений 5 - 13
2022-10-08 21:42:07 INFO  ArithmeticServiceTest:86 - Проверка пары значений 5 - 13 прошла успешно
2022-10-08 21:42:07 INFO  ArithmeticServiceTest:77 - Проверяем пару значений 5 - 14
2022-10-08 21:42:07 INFO  ArithmeticServiceTest:86 - Проверка пары значений 5 - 14 прошла успешно
2022-10-08 21:42:07 INFO  ArithmeticServiceTest:77 - Проверяем пару значений 5 - 15
2022-10-08 21:42:07 INFO  ArithmeticServiceTest:86 - Проверка пары значений 5 - 15 прошла успешно
2022-10-08 21:42:07 INFO  ArithmeticServiceTest:77 - Проверяем пару значений 5 - 16
2022-10-08 21:42:08 INFO  ArithmeticServiceTest:86 - Проверка пары значений 5 - 16 прошла успешно
2022-10-08 21:42:08 INFO  ArithmeticServiceTest:77 - Проверяем пару значений 5 - 17
2022-10-08 21:42:08 INFO  ArithmeticServiceTest:86 - Проверка пары значений 5 - 17 прошла успешно
2022-10-08 21:42:08 INFO  ArithmeticServiceTest:77 - Проверяем пару значений 5 - 18
2022-10-08 21:42:08 INFO  ArithmeticServiceTest:86 - Проверка пары значений 5 - 18 прошла успешно
2022-10-08 21:42:08 INFO  ArithmeticServiceTest:77 - Проверяем пару значений 5 - 19
2022-10-08 21:42:08 INFO  ArithmeticServiceTest:86 - Проверка пары значений 5 - 19 прошла успешно
2022-10-08 21:42:08 INFO  ArithmeticServiceTest:77 - Проверяем пару значений 5 - 20
2022-10-08 21:42:08 INFO  ArithmeticServiceTest:86 - Проверка пары значений 5 - 20 прошла успешно
2022-10-08 21:42:08 INFO  ArithmeticServiceTest:77 - Проверяем пару значений 1 - 6
2022-10-08 21:42:08 INFO  ArithmeticServiceTest:86 - Проверка пары значений 1 - 6 прошла успешно
2022-10-08 21:42:08 INFO  ArithmeticServiceTest:77 - Проверяем пару значений 2 - 6
2022-10-08 21:42:08 INFO  ArithmeticServiceTest:86 - Проверка пары значений 2 - 6 прошла успешно
2022-10-08 21:42:08 INFO  ArithmeticServiceTest:77 - Проверяем пару значений 3 - 6
2022-10-08 21:42:08 INFO  ArithmeticServiceTest:86 - Проверка пары значений 3 - 6 прошла успешно
2022-10-08 21:42:08 INFO  ArithmeticServiceTest:77 - Проверяем пару значений 4 - 6
2022-10-08 21:42:08 INFO  ArithmeticServiceTest:86 - Проверка пары значений 4 - 6 прошла успешно
2022-10-08 21:42:08 INFO  ArithmeticServiceTest:77 - Проверяем пару значений 5 - 6
2022-10-08 21:42:08 INFO  ArithmeticServiceTest:86 - Проверка пары значений 5 - 6 прошла успешно
2022-10-08 21:42:08 INFO  ArithmeticServiceTest:77 - Проверяем пару значений 6 - 7
2022-10-08 21:42:08 INFO  ArithmeticServiceTest:86 - Проверка пары значений 6 - 7 прошла успешно
2022-10-08 21:42:08 INFO  ArithmeticServiceTest:77 - Проверяем пару значений 6 - 8
2022-10-08 21:42:08 INFO  ArithmeticServiceTest:86 - Проверка пары значений 6 - 8 прошла успешно
2022-10-08 21:42:08 INFO  ArithmeticServiceTest:77 - Проверяем пару значений 6 - 9
2022-10-08 21:42:08 INFO  ArithmeticServiceTest:86 - Проверка пары значений 6 - 9 прошла успешно
2022-10-08 21:42:08 INFO  ArithmeticServiceTest:77 - Проверяем пару значений 6 - 10
2022-10-08 21:42:08 INFO  ArithmeticServiceTest:86 - Проверка пары значений 6 - 10 прошла успешно
2022-10-08 21:42:08 INFO  ArithmeticServiceTest:77 - Проверяем пару значений 6 - 11
2022-10-08 21:42:08 INFO  ArithmeticServiceTest:86 - Проверка пары значений 6 - 11 прошла успешно
2022-10-08 21:42:08 INFO  ArithmeticServiceTest:77 - Проверяем пару значений 6 - 12
2022-10-08 21:42:08 INFO  ArithmeticServiceTest:86 - Проверка пары значений 6 - 12 прошла успешно
2022-10-08 21:42:08 INFO  ArithmeticServiceTest:77 - Проверяем пару значений 6 - 13
2022-10-08 21:42:08 INFO  ArithmeticServiceTest:86 - Проверка пары значений 6 - 13 прошла успешно
2022-10-08 21:42:08 INFO  ArithmeticServiceTest:77 - Проверяем пару значений 6 - 14
2022-10-08 21:42:08 INFO  ArithmeticServiceTest:86 - Проверка пары значений 6 - 14 прошла успешно
2022-10-08 21:42:08 INFO  ArithmeticServiceTest:77 - Проверяем пару значений 6 - 15
2022-10-08 21:42:08 INFO  ArithmeticServiceTest:86 - Проверка пары значений 6 - 15 прошла успешно
2022-10-08 21:42:08 INFO  ArithmeticServiceTest:77 - Проверяем пару значений 6 - 16
2022-10-08 21:42:08 INFO  ArithmeticServiceTest:86 - Проверка пары значений 6 - 16 прошла успешно
2022-10-08 21:42:08 INFO  ArithmeticServiceTest:77 - Проверяем пару значений 6 - 17
2022-10-08 21:42:08 INFO  ArithmeticServiceTest:86 - Проверка пары значений 6 - 17 прошла успешно
2022-10-08 21:42:08 INFO  ArithmeticServiceTest:77 - Проверяем пару значений 6 - 18
2022-10-08 21:42:09 INFO  ArithmeticServiceTest:86 - Проверка пары значений 6 - 18 прошла успешно
2022-10-08 21:42:09 INFO  ArithmeticServiceTest:77 - Проверяем пару значений 6 - 19
2022-10-08 21:42:09 INFO  ArithmeticServiceTest:86 - Проверка пары значений 6 - 19 прошла успешно
2022-10-08 21:42:09 INFO  ArithmeticServiceTest:77 - Проверяем пару значений 6 - 20
2022-10-08 21:42:09 INFO  ArithmeticServiceTest:86 - Проверка пары значений 6 - 20 прошла успешно
2022-10-08 21:42:09 INFO  ArithmeticServiceTest:77 - Проверяем пару значений 1 - 7
2022-10-08 21:42:09 INFO  ArithmeticServiceTest:86 - Проверка пары значений 1 - 7 прошла успешно
2022-10-08 21:42:09 INFO  ArithmeticServiceTest:77 - Проверяем пару значений 2 - 7
2022-10-08 21:42:09 INFO  ArithmeticServiceTest:86 - Проверка пары значений 2 - 7 прошла успешно
2022-10-08 21:42:09 INFO  ArithmeticServiceTest:77 - Проверяем пару значений 3 - 7
2022-10-08 21:42:09 INFO  ArithmeticServiceTest:86 - Проверка пары значений 3 - 7 прошла успешно
2022-10-08 21:42:09 INFO  ArithmeticServiceTest:77 - Проверяем пару значений 4 - 7
2022-10-08 21:42:09 INFO  ArithmeticServiceTest:86 - Проверка пары значений 4 - 7 прошла успешно
2022-10-08 21:42:09 INFO  ArithmeticServiceTest:77 - Проверяем пару значений 5 - 7
2022-10-08 21:42:09 INFO  ArithmeticServiceTest:86 - Проверка пары значений 5 - 7 прошла успешно
2022-10-08 21:42:09 INFO  ArithmeticServiceTest:77 - Проверяем пару значений 6 - 7
2022-10-08 21:42:09 INFO  ArithmeticServiceTest:86 - Проверка пары значений 6 - 7 прошла успешно
2022-10-08 21:42:09 INFO  ArithmeticServiceTest:77 - Проверяем пару значений 7 - 8
2022-10-08 21:42:09 INFO  ArithmeticServiceTest:86 - Проверка пары значений 7 - 8 прошла успешно
2022-10-08 21:42:09 INFO  ArithmeticServiceTest:77 - Проверяем пару значений 7 - 9
2022-10-08 21:42:09 INFO  ArithmeticServiceTest:86 - Проверка пары значений 7 - 9 прошла успешно
2022-10-08 21:42:09 INFO  ArithmeticServiceTest:77 - Проверяем пару значений 7 - 10
2022-10-08 21:42:09 INFO  ArithmeticServiceTest:86 - Проверка пары значений 7 - 10 прошла успешно
2022-10-08 21:42:09 INFO  ArithmeticServiceTest:77 - Проверяем пару значений 7 - 11
2022-10-08 21:42:09 INFO  ArithmeticServiceTest:86 - Проверка пары значений 7 - 11 прошла успешно
2022-10-08 21:42:09 INFO  ArithmeticServiceTest:77 - Проверяем пару значений 7 - 12
2022-10-08 21:42:09 INFO  ArithmeticServiceTest:86 - Проверка пары значений 7 - 12 прошла успешно
2022-10-08 21:42:09 INFO  ArithmeticServiceTest:77 - Проверяем пару значений 7 - 13
2022-10-08 21:42:09 INFO  ArithmeticServiceTest:86 - Проверка пары значений 7 - 13 прошла успешно
2022-10-08 21:42:09 INFO  ArithmeticServiceTest:77 - Проверяем пару значений 7 - 14
2022-10-08 21:42:09 INFO  ArithmeticServiceTest:86 - Проверка пары значений 7 - 14 прошла успешно
2022-10-08 21:42:09 INFO  ArithmeticServiceTest:77 - Проверяем пару значений 7 - 15
2022-10-08 21:42:09 INFO  ArithmeticServiceTest:86 - Проверка пары значений 7 - 15 прошла успешно
2022-10-08 21:42:09 INFO  ArithmeticServiceTest:77 - Проверяем пару значений 7 - 16
2022-10-08 21:42:09 INFO  ArithmeticServiceTest:86 - Проверка пары значений 7 - 16 прошла успешно
2022-10-08 21:42:09 INFO  ArithmeticServiceTest:77 - Проверяем пару значений 7 - 17
2022-10-08 21:42:09 INFO  ArithmeticServiceTest:86 - Проверка пары значений 7 - 17 прошла успешно
2022-10-08 21:42:09 INFO  ArithmeticServiceTest:77 - Проверяем пару значений 7 - 18
2022-10-08 21:42:09 INFO  ArithmeticServiceTest:86 - Проверка пары значений 7 - 18 прошла успешно
2022-10-08 21:42:09 INFO  ArithmeticServiceTest:77 - Проверяем пару значений 7 - 19
2022-10-08 21:42:09 INFO  ArithmeticServiceTest:86 - Проверка пары значений 7 - 19 прошла успешно
2022-10-08 21:42:09 INFO  ArithmeticServiceTest:77 - Проверяем пару значений 7 - 20
2022-10-08 21:42:09 INFO  ArithmeticServiceTest:86 - Проверка пары значений 7 - 20 прошла успешно
2022-10-08 21:42:09 INFO  ArithmeticServiceTest:77 - Проверяем пару значений 1 - 8
2022-10-08 21:42:10 INFO  ArithmeticServiceTest:86 - Проверка пары значений 1 - 8 прошла успешно
2022-10-08 21:42:10 INFO  ArithmeticServiceTest:77 - Проверяем пару значений 2 - 8
2022-10-08 21:42:10 INFO  ArithmeticServiceTest:86 - Проверка пары значений 2 - 8 прошла успешно
2022-10-08 21:42:10 INFO  ArithmeticServiceTest:77 - Проверяем пару значений 3 - 8
2022-10-08 21:42:10 INFO  ArithmeticServiceTest:86 - Проверка пары значений 3 - 8 прошла успешно
2022-10-08 21:42:10 INFO  ArithmeticServiceTest:77 - Проверяем пару значений 4 - 8
2022-10-08 21:42:10 INFO  ArithmeticServiceTest:86 - Проверка пары значений 4 - 8 прошла успешно
2022-10-08 21:42:10 INFO  ArithmeticServiceTest:77 - Проверяем пару значений 5 - 8
2022-10-08 21:42:10 INFO  ArithmeticServiceTest:86 - Проверка пары значений 5 - 8 прошла успешно
2022-10-08 21:42:10 INFO  ArithmeticServiceTest:77 - Проверяем пару значений 6 - 8
2022-10-08 21:42:10 INFO  ArithmeticServiceTest:86 - Проверка пары значений 6 - 8 прошла успешно
2022-10-08 21:42:10 INFO  ArithmeticServiceTest:77 - Проверяем пару значений 7 - 8
2022-10-08 21:42:10 INFO  ArithmeticServiceTest:86 - Проверка пары значений 7 - 8 прошла успешно
2022-10-08 21:42:10 INFO  ArithmeticServiceTest:77 - Проверяем пару значений 8 - 9
2022-10-08 21:42:10 INFO  ArithmeticServiceTest:86 - Проверка пары значений 8 - 9 прошла успешно
2022-10-08 21:42:10 INFO  ArithmeticServiceTest:77 - Проверяем пару значений 8 - 10
2022-10-08 21:42:10 INFO  ArithmeticServiceTest:86 - Проверка пары значений 8 - 10 прошла успешно
2022-10-08 21:42:10 INFO  ArithmeticServiceTest:77 - Проверяем пару значений 8 - 11
2022-10-08 21:42:10 INFO  ArithmeticServiceTest:86 - Проверка пары значений 8 - 11 прошла успешно
2022-10-08 21:42:10 INFO  ArithmeticServiceTest:77 - Проверяем пару значений 8 - 12
2022-10-08 21:42:10 INFO  ArithmeticServiceTest:86 - Проверка пары значений 8 - 12 прошла успешно
2022-10-08 21:42:10 INFO  ArithmeticServiceTest:77 - Проверяем пару значений 8 - 13
2022-10-08 21:42:10 INFO  ArithmeticServiceTest:86 - Проверка пары значений 8 - 13 прошла успешно
2022-10-08 21:42:10 INFO  ArithmeticServiceTest:77 - Проверяем пару значений 8 - 14
2022-10-08 21:42:10 INFO  ArithmeticServiceTest:86 - Проверка пары значений 8 - 14 прошла успешно
2022-10-08 21:42:10 INFO  ArithmeticServiceTest:77 - Проверяем пару значений 8 - 15
2022-10-08 21:42:10 INFO  ArithmeticServiceTest:86 - Проверка пары значений 8 - 15 прошла успешно
2022-10-08 21:42:10 INFO  ArithmeticServiceTest:77 - Проверяем пару значений 8 - 16
2022-10-08 21:42:10 INFO  ArithmeticServiceTest:86 - Проверка пары значений 8 - 16 прошла успешно
2022-10-08 21:42:10 INFO  ArithmeticServiceTest:77 - Проверяем пару значений 8 - 17
2022-10-08 21:42:10 INFO  ArithmeticServiceTest:86 - Проверка пары значений 8 - 17 прошла успешно
2022-10-08 21:42:10 INFO  ArithmeticServiceTest:77 - Проверяем пару значений 8 - 18
2022-10-08 21:42:10 INFO  ArithmeticServiceTest:86 - Проверка пары значений 8 - 18 прошла успешно
2022-10-08 21:42:10 INFO  ArithmeticServiceTest:77 - Проверяем пару значений 8 - 19
2022-10-08 21:42:11 INFO  ArithmeticServiceTest:86 - Проверка пары значений 8 - 19 прошла успешно
2022-10-08 21:42:11 INFO  ArithmeticServiceTest:77 - Проверяем пару значений 8 - 20
2022-10-08 21:42:11 INFO  ArithmeticServiceTest:86 - Проверка пары значений 8 - 20 прошла успешно
2022-10-08 21:42:11 INFO  ArithmeticServiceTest:77 - Проверяем пару значений 1 - 9
2022-10-08 21:42:11 INFO  ArithmeticServiceTest:86 - Проверка пары значений 1 - 9 прошла успешно
2022-10-08 21:42:11 INFO  ArithmeticServiceTest:77 - Проверяем пару значений 2 - 9
2022-10-08 21:42:11 INFO  ArithmeticServiceTest:86 - Проверка пары значений 2 - 9 прошла успешно
2022-10-08 21:42:11 INFO  ArithmeticServiceTest:77 - Проверяем пару значений 3 - 9
2022-10-08 21:42:11 INFO  ArithmeticServiceTest:86 - Проверка пары значений 3 - 9 прошла успешно
2022-10-08 21:42:11 INFO  ArithmeticServiceTest:77 - Проверяем пару значений 4 - 9
2022-10-08 21:42:11 INFO  ArithmeticServiceTest:86 - Проверка пары значений 4 - 9 прошла успешно
2022-10-08 21:42:11 INFO  ArithmeticServiceTest:77 - Проверяем пару значений 5 - 9
2022-10-08 21:42:11 INFO  ArithmeticServiceTest:86 - Проверка пары значений 5 - 9 прошла успешно
2022-10-08 21:42:11 INFO  ArithmeticServiceTest:77 - Проверяем пару значений 6 - 9
2022-10-08 21:42:11 INFO  ArithmeticServiceTest:86 - Проверка пары значений 6 - 9 прошла успешно
2022-10-08 21:42:11 INFO  ArithmeticServiceTest:77 - Проверяем пару значений 7 - 9
2022-10-08 21:42:11 INFO  ArithmeticServiceTest:86 - Проверка пары значений 7 - 9 прошла успешно
2022-10-08 21:42:11 INFO  ArithmeticServiceTest:77 - Проверяем пару значений 8 - 9
2022-10-08 21:42:11 INFO  ArithmeticServiceTest:86 - Проверка пары значений 8 - 9 прошла успешно
2022-10-08 21:42:11 INFO  ArithmeticServiceTest:77 - Проверяем пару значений 9 - 10
2022-10-08 21:42:11 INFO  ArithmeticServiceTest:86 - Проверка пары значений 9 - 10 прошла успешно
2022-10-08 21:42:11 INFO  ArithmeticServiceTest:77 - Проверяем пару значений 9 - 11
2022-10-08 21:42:11 INFO  ArithmeticServiceTest:86 - Проверка пары значений 9 - 11 прошла успешно
2022-10-08 21:42:11 INFO  ArithmeticServiceTest:77 - Проверяем пару значений 9 - 12
2022-10-08 21:42:11 INFO  ArithmeticServiceTest:86 - Проверка пары значений 9 - 12 прошла успешно
2022-10-08 21:42:11 INFO  ArithmeticServiceTest:77 - Проверяем пару значений 9 - 13
2022-10-08 21:42:11 INFO  ArithmeticServiceTest:86 - Проверка пары значений 9 - 13 прошла успешно
2022-10-08 21:42:11 INFO  ArithmeticServiceTest:77 - Проверяем пару значений 9 - 14
2022-10-08 21:42:11 INFO  ArithmeticServiceTest:86 - Проверка пары значений 9 - 14 прошла успешно
2022-10-08 21:42:11 INFO  ArithmeticServiceTest:77 - Проверяем пару значений 9 - 15
2022-10-08 21:42:11 INFO  ArithmeticServiceTest:86 - Проверка пары значений 9 - 15 прошла успешно
2022-10-08 21:42:11 INFO  ArithmeticServiceTest:77 - Проверяем пару значений 9 - 16
2022-10-08 21:42:11 INFO  ArithmeticServiceTest:86 - Проверка пары значений 9 - 16 прошла успешно
2022-10-08 21:42:11 INFO  ArithmeticServiceTest:77 - Проверяем пару значений 9 - 17
2022-10-08 21:42:11 INFO  ArithmeticServiceTest:86 - Проверка пары значений 9 - 17 прошла успешно
2022-10-08 21:42:11 INFO  ArithmeticServiceTest:77 - Проверяем пару значений 9 - 18
2022-10-08 21:42:11 INFO  ArithmeticServiceTest:86 - Проверка пары значений 9 - 18 прошла успешно
2022-10-08 21:42:11 INFO  ArithmeticServiceTest:77 - Проверяем пару значений 9 - 19
2022-10-08 21:42:12 INFO  ArithmeticServiceTest:86 - Проверка пары значений 9 - 19 прошла успешно
2022-10-08 21:42:12 INFO  ArithmeticServiceTest:77 - Проверяем пару значений 9 - 20
2022-10-08 21:42:12 INFO  ArithmeticServiceTest:86 - Проверка пары значений 9 - 20 прошла успешно
2022-10-08 21:42:12 INFO  ArithmeticServiceTest:77 - Проверяем пару значений 1 - 10
2022-10-08 21:42:12 INFO  ArithmeticServiceTest:86 - Проверка пары значений 1 - 10 прошла успешно
2022-10-08 21:42:12 INFO  ArithmeticServiceTest:77 - Проверяем пару значений 2 - 10
2022-10-08 21:42:12 INFO  ArithmeticServiceTest:86 - Проверка пары значений 2 - 10 прошла успешно
2022-10-08 21:42:12 INFO  ArithmeticServiceTest:77 - Проверяем пару значений 3 - 10
2022-10-08 21:42:12 INFO  ArithmeticServiceTest:86 - Проверка пары значений 3 - 10 прошла успешно
2022-10-08 21:42:12 INFO  ArithmeticServiceTest:77 - Проверяем пару значений 4 - 10
2022-10-08 21:42:12 INFO  ArithmeticServiceTest:86 - Проверка пары значений 4 - 10 прошла успешно
2022-10-08 21:42:12 INFO  ArithmeticServiceTest:77 - Проверяем пару значений 5 - 10
2022-10-08 21:42:12 INFO  ArithmeticServiceTest:86 - Проверка пары значений 5 - 10 прошла успешно
2022-10-08 21:42:12 INFO  ArithmeticServiceTest:77 - Проверяем пару значений 6 - 10
2022-10-08 21:42:12 INFO  ArithmeticServiceTest:86 - Проверка пары значений 6 - 10 прошла успешно
2022-10-08 21:42:12 INFO  ArithmeticServiceTest:77 - Проверяем пару значений 7 - 10
2022-10-08 21:42:12 INFO  ArithmeticServiceTest:86 - Проверка пары значений 7 - 10 прошла успешно
2022-10-08 21:42:12 INFO  ArithmeticServiceTest:77 - Проверяем пару значений 8 - 10
2022-10-08 21:42:12 INFO  ArithmeticServiceTest:86 - Проверка пары значений 8 - 10 прошла успешно
2022-10-08 21:42:12 INFO  ArithmeticServiceTest:77 - Проверяем пару значений 9 - 10
2022-10-08 21:42:12 INFO  ArithmeticServiceTest:86 - Проверка пары значений 9 - 10 прошла успешно
2022-10-08 21:42:12 INFO  ArithmeticServiceTest:77 - Проверяем пару значений 10 - 11
2022-10-08 21:42:12 INFO  ArithmeticServiceTest:86 - Проверка пары значений 10 - 11 прошла успешно
2022-10-08 21:42:12 INFO  ArithmeticServiceTest:77 - Проверяем пару значений 10 - 12
2022-10-08 21:42:12 INFO  ArithmeticServiceTest:86 - Проверка пары значений 10 - 12 прошла успешно
2022-10-08 21:42:12 INFO  ArithmeticServiceTest:77 - Проверяем пару значений 10 - 13
2022-10-08 21:42:12 INFO  ArithmeticServiceTest:86 - Проверка пары значений 10 - 13 прошла успешно
2022-10-08 21:42:12 INFO  ArithmeticServiceTest:77 - Проверяем пару значений 10 - 14
2022-10-08 21:42:12 INFO  ArithmeticServiceTest:86 - Проверка пары значений 10 - 14 прошла успешно
2022-10-08 21:42:12 INFO  ArithmeticServiceTest:77 - Проверяем пару значений 10 - 15
2022-10-08 21:42:12 INFO  ArithmeticServiceTest:86 - Проверка пары значений 10 - 15 прошла успешно
2022-10-08 21:42:12 INFO  ArithmeticServiceTest:77 - Проверяем пару значений 10 - 16
2022-10-08 21:42:12 INFO  ArithmeticServiceTest:86 - Проверка пары значений 10 - 16 прошла успешно
2022-10-08 21:42:12 INFO  ArithmeticServiceTest:77 - Проверяем пару значений 10 - 17
2022-10-08 21:42:13 INFO  ArithmeticServiceTest:86 - Проверка пары значений 10 - 17 прошла успешно
2022-10-08 21:42:13 INFO  ArithmeticServiceTest:77 - Проверяем пару значений 10 - 18
2022-10-08 21:42:13 INFO  ArithmeticServiceTest:86 - Проверка пары значений 10 - 18 прошла успешно
2022-10-08 21:42:13 INFO  ArithmeticServiceTest:77 - Проверяем пару значений 10 - 19
2022-10-08 21:42:13 INFO  ArithmeticServiceTest:86 - Проверка пары значений 10 - 19 прошла успешно
2022-10-08 21:42:13 INFO  ArithmeticServiceTest:77 - Проверяем пару значений 10 - 20
2022-10-08 21:42:13 INFO  ArithmeticServiceTest:86 - Проверка пары значений 10 - 20 прошла успешно
2022-10-08 21:42:13 INFO  ArithmeticServiceTest:77 - Проверяем пару значений 1 - 11
2022-10-08 21:42:13 INFO  ArithmeticServiceTest:86 - Проверка пары значений 1 - 11 прошла успешно
2022-10-08 21:42:13 INFO  ArithmeticServiceTest:77 - Проверяем пару значений 2 - 11
2022-10-08 21:42:13 INFO  ArithmeticServiceTest:86 - Проверка пары значений 2 - 11 прошла успешно
2022-10-08 21:42:13 INFO  ArithmeticServiceTest:77 - Проверяем пару значений 3 - 11
2022-10-08 21:42:13 INFO  ArithmeticServiceTest:86 - Проверка пары значений 3 - 11 прошла успешно
2022-10-08 21:42:13 INFO  ArithmeticServiceTest:77 - Проверяем пару значений 4 - 11
2022-10-08 21:42:13 INFO  ArithmeticServiceTest:86 - Проверка пары значений 4 - 11 прошла успешно
2022-10-08 21:42:13 INFO  ArithmeticServiceTest:77 - Проверяем пару значений 5 - 11
2022-10-08 21:42:13 INFO  ArithmeticServiceTest:86 - Проверка пары значений 5 - 11 прошла успешно
2022-10-08 21:42:13 INFO  ArithmeticServiceTest:77 - Проверяем пару значений 6 - 11
2022-10-08 21:42:13 INFO  ArithmeticServiceTest:86 - Проверка пары значений 6 - 11 прошла успешно
2022-10-08 21:42:13 INFO  ArithmeticServiceTest:77 - Проверяем пару значений 7 - 11
2022-10-08 21:42:13 INFO  ArithmeticServiceTest:86 - Проверка пары значений 7 - 11 прошла успешно
2022-10-08 21:42:13 INFO  ArithmeticServiceTest:77 - Проверяем пару значений 8 - 11
2022-10-08 21:42:13 INFO  ArithmeticServiceTest:86 - Проверка пары значений 8 - 11 прошла успешно
2022-10-08 21:42:13 INFO  ArithmeticServiceTest:77 - Проверяем пару значений 9 - 11
2022-10-08 21:42:13 INFO  ArithmeticServiceTest:86 - Проверка пары значений 9 - 11 прошла успешно
2022-10-08 21:42:13 INFO  ArithmeticServiceTest:77 - Проверяем пару значений 10 - 11
2022-10-08 21:42:13 INFO  ArithmeticServiceTest:86 - Проверка пары значений 10 - 11 прошла успешно
2022-10-08 21:42:13 INFO  ArithmeticServiceTest:77 - Проверяем пару значений 11 - 12
2022-10-08 21:42:13 INFO  ArithmeticServiceTest:86 - Проверка пары значений 11 - 12 прошла успешно
2022-10-08 21:42:13 INFO  ArithmeticServiceTest:77 - Проверяем пару значений 11 - 13
2022-10-08 21:42:13 INFO  ArithmeticServiceTest:86 - Проверка пары значений 11 - 13 прошла успешно
2022-10-08 21:42:13 INFO  ArithmeticServiceTest:77 - Проверяем пару значений 11 - 14
2022-10-08 21:42:13 INFO  ArithmeticServiceTest:86 - Проверка пары значений 11 - 14 прошла успешно
2022-10-08 21:42:13 INFO  ArithmeticServiceTest:77 - Проверяем пару значений 11 - 15
2022-10-08 21:42:13 INFO  ArithmeticServiceTest:86 - Проверка пары значений 11 - 15 прошла успешно
2022-10-08 21:42:13 INFO  ArithmeticServiceTest:77 - Проверяем пару значений 11 - 16
2022-10-08 21:42:13 INFO  ArithmeticServiceTest:86 - Проверка пары значений 11 - 16 прошла успешно
2022-10-08 21:42:13 INFO  ArithmeticServiceTest:77 - Проверяем пару значений 11 - 17
2022-10-08 21:42:13 INFO  ArithmeticServiceTest:86 - Проверка пары значений 11 - 17 прошла успешно
2022-10-08 21:42:13 INFO  ArithmeticServiceTest:77 - Проверяем пару значений 11 - 18
2022-10-08 21:42:13 INFO  ArithmeticServiceTest:86 - Проверка пары значений 11 - 18 прошла успешно
2022-10-08 21:42:13 INFO  ArithmeticServiceTest:77 - Проверяем пару значений 11 - 19
2022-10-08 21:42:13 INFO  ArithmeticServiceTest:86 - Проверка пары значений 11 - 19 прошла успешно
2022-10-08 21:42:13 INFO  ArithmeticServiceTest:77 - Проверяем пару значений 11 - 20
2022-10-08 21:42:13 INFO  ArithmeticServiceTest:86 - Проверка пары значений 11 - 20 прошла успешно
2022-10-08 21:42:13 INFO  ArithmeticServiceTest:77 - Проверяем пару значений 1 - 12
2022-10-08 21:42:13 INFO  ArithmeticServiceTest:86 - Проверка пары значений 1 - 12 прошла успешно
2022-10-08 21:42:13 INFO  ArithmeticServiceTest:77 - Проверяем пару значений 2 - 12
2022-10-08 21:42:14 INFO  ArithmeticServiceTest:86 - Проверка пары значений 2 - 12 прошла успешно
2022-10-08 21:42:14 INFO  ArithmeticServiceTest:77 - Проверяем пару значений 3 - 12
2022-10-08 21:42:14 INFO  ArithmeticServiceTest:86 - Проверка пары значений 3 - 12 прошла успешно
2022-10-08 21:42:14 INFO  ArithmeticServiceTest:77 - Проверяем пару значений 4 - 12
2022-10-08 21:42:14 INFO  ArithmeticServiceTest:86 - Проверка пары значений 4 - 12 прошла успешно
2022-10-08 21:42:14 INFO  ArithmeticServiceTest:77 - Проверяем пару значений 5 - 12
2022-10-08 21:42:14 INFO  ArithmeticServiceTest:86 - Проверка пары значений 5 - 12 прошла успешно
2022-10-08 21:42:14 INFO  ArithmeticServiceTest:77 - Проверяем пару значений 6 - 12
2022-10-08 21:42:14 INFO  ArithmeticServiceTest:86 - Проверка пары значений 6 - 12 прошла успешно
2022-10-08 21:42:14 INFO  ArithmeticServiceTest:77 - Проверяем пару значений 7 - 12
2022-10-08 21:42:14 INFO  ArithmeticServiceTest:86 - Проверка пары значений 7 - 12 прошла успешно
2022-10-08 21:42:14 INFO  ArithmeticServiceTest:77 - Проверяем пару значений 8 - 12
2022-10-08 21:42:14 INFO  ArithmeticServiceTest:86 - Проверка пары значений 8 - 12 прошла успешно
2022-10-08 21:42:14 INFO  ArithmeticServiceTest:77 - Проверяем пару значений 9 - 12
2022-10-08 21:42:14 INFO  ArithmeticServiceTest:86 - Проверка пары значений 9 - 12 прошла успешно
2022-10-08 21:42:14 INFO  ArithmeticServiceTest:77 - Проверяем пару значений 10 - 12
2022-10-08 21:42:14 INFO  ArithmeticServiceTest:86 - Проверка пары значений 10 - 12 прошла успешно
2022-10-08 21:42:14 INFO  ArithmeticServiceTest:77 - Проверяем пару значений 11 - 12
2022-10-08 21:42:14 INFO  ArithmeticServiceTest:86 - Проверка пары значений 11 - 12 прошла успешно
2022-10-08 21:42:14 INFO  ArithmeticServiceTest:77 - Проверяем пару значений 12 - 13
2022-10-08 21:42:14 INFO  ArithmeticServiceTest:86 - Проверка пары значений 12 - 13 прошла успешно
2022-10-08 21:42:14 INFO  ArithmeticServiceTest:77 - Проверяем пару значений 12 - 14
2022-10-08 21:42:14 INFO  ArithmeticServiceTest:86 - Проверка пары значений 12 - 14 прошла успешно
2022-10-08 21:42:14 INFO  ArithmeticServiceTest:77 - Проверяем пару значений 12 - 15
2022-10-08 21:42:14 INFO  ArithmeticServiceTest:86 - Проверка пары значений 12 - 15 прошла успешно
2022-10-08 21:42:14 INFO  ArithmeticServiceTest:77 - Проверяем пару значений 12 - 16
2022-10-08 21:42:14 INFO  ArithmeticServiceTest:86 - Проверка пары значений 12 - 16 прошла успешно
2022-10-08 21:42:14 INFO  ArithmeticServiceTest:77 - Проверяем пару значений 12 - 17
2022-10-08 21:42:14 INFO  ArithmeticServiceTest:86 - Проверка пары значений 12 - 17 прошла успешно
2022-10-08 21:42:14 INFO  ArithmeticServiceTest:77 - Проверяем пару значений 12 - 18
2022-10-08 21:42:14 INFO  ArithmeticServiceTest:86 - Проверка пары значений 12 - 18 прошла успешно
2022-10-08 21:42:14 INFO  ArithmeticServiceTest:77 - Проверяем пару значений 12 - 19
2022-10-08 21:42:14 INFO  ArithmeticServiceTest:86 - Проверка пары значений 12 - 19 прошла успешно
2022-10-08 21:42:14 INFO  ArithmeticServiceTest:77 - Проверяем пару значений 12 - 20
2022-10-08 21:42:14 INFO  ArithmeticServiceTest:86 - Проверка пары значений 12 - 20 прошла успешно
2022-10-08 21:42:14 INFO  ArithmeticServiceTest:77 - Проверяем пару значений 1 - 13
2022-10-08 21:42:14 INFO  ArithmeticServiceTest:86 - Проверка пары значений 1 - 13 прошла успешно
2022-10-08 21:42:14 INFO  ArithmeticServiceTest:77 - Проверяем пару значений 2 - 13
2022-10-08 21:42:14 INFO  ArithmeticServiceTest:86 - Проверка пары значений 2 - 13 прошла успешно
2022-10-08 21:42:14 INFO  ArithmeticServiceTest:77 - Проверяем пару значений 3 - 13
2022-10-08 21:42:14 INFO  ArithmeticServiceTest:86 - Проверка пары значений 3 - 13 прошла успешно
2022-10-08 21:42:14 INFO  ArithmeticServiceTest:77 - Проверяем пару значений 4 - 13
2022-10-08 21:42:14 INFO  ArithmeticServiceTest:86 - Проверка пары значений 4 - 13 прошла успешно
2022-10-08 21:42:14 INFO  ArithmeticServiceTest:77 - Проверяем пару значений 5 - 13
2022-10-08 21:42:14 INFO  ArithmeticServiceTest:86 - Проверка пары значений 5 - 13 прошла успешно
2022-10-08 21:42:14 INFO  ArithmeticServiceTest:77 - Проверяем пару значений 6 - 13
2022-10-08 21:42:14 INFO  ArithmeticServiceTest:86 - Проверка пары значений 6 - 13 прошла успешно
2022-10-08 21:42:14 INFO  ArithmeticServiceTest:77 - Проверяем пару значений 7 - 13
2022-10-08 21:42:15 INFO  ArithmeticServiceTest:86 - Проверка пары значений 7 - 13 прошла успешно
2022-10-08 21:42:15 INFO  ArithmeticServiceTest:77 - Проверяем пару значений 8 - 13
2022-10-08 21:42:15 INFO  ArithmeticServiceTest:86 - Проверка пары значений 8 - 13 прошла успешно
2022-10-08 21:42:15 INFO  ArithmeticServiceTest:77 - Проверяем пару значений 9 - 13
2022-10-08 21:42:15 INFO  ArithmeticServiceTest:86 - Проверка пары значений 9 - 13 прошла успешно
2022-10-08 21:42:15 INFO  ArithmeticServiceTest:77 - Проверяем пару значений 10 - 13
2022-10-08 21:42:15 INFO  ArithmeticServiceTest:86 - Проверка пары значений 10 - 13 прошла успешно
2022-10-08 21:42:15 INFO  ArithmeticServiceTest:77 - Проверяем пару значений 11 - 13
2022-10-08 21:42:15 INFO  ArithmeticServiceTest:86 - Проверка пары значений 11 - 13 прошла успешно
2022-10-08 21:42:15 INFO  ArithmeticServiceTest:77 - Проверяем пару значений 12 - 13
2022-10-08 21:42:15 INFO  ArithmeticServiceTest:86 - Проверка пары значений 12 - 13 прошла успешно
2022-10-08 21:42:15 INFO  ArithmeticServiceTest:77 - Проверяем пару значений 13 - 14
2022-10-08 21:42:15 INFO  ArithmeticServiceTest:86 - Проверка пары значений 13 - 14 прошла успешно
2022-10-08 21:42:15 INFO  ArithmeticServiceTest:77 - Проверяем пару значений 13 - 15
2022-10-08 21:42:15 INFO  ArithmeticServiceTest:86 - Проверка пары значений 13 - 15 прошла успешно
2022-10-08 21:42:15 INFO  ArithmeticServiceTest:77 - Проверяем пару значений 13 - 16
2022-10-08 21:42:15 INFO  ArithmeticServiceTest:86 - Проверка пары значений 13 - 16 прошла успешно
2022-10-08 21:42:15 INFO  ArithmeticServiceTest:77 - Проверяем пару значений 13 - 17
2022-10-08 21:42:15 INFO  ArithmeticServiceTest:86 - Проверка пары значений 13 - 17 прошла успешно
2022-10-08 21:42:15 INFO  ArithmeticServiceTest:77 - Проверяем пару значений 13 - 18
2022-10-08 21:42:15 INFO  ArithmeticServiceTest:86 - Проверка пары значений 13 - 18 прошла успешно
2022-10-08 21:42:15 INFO  ArithmeticServiceTest:77 - Проверяем пару значений 13 - 19
2022-10-08 21:42:15 INFO  ArithmeticServiceTest:86 - Проверка пары значений 13 - 19 прошла успешно
2022-10-08 21:42:15 INFO  ArithmeticServiceTest:77 - Проверяем пару значений 13 - 20
2022-10-08 21:42:15 INFO  ArithmeticServiceTest:86 - Проверка пары значений 13 - 20 прошла успешно
2022-10-08 21:42:15 INFO  ArithmeticServiceTest:77 - Проверяем пару значений 1 - 14
2022-10-08 21:42:15 INFO  ArithmeticServiceTest:86 - Проверка пары значений 1 - 14 прошла успешно
2022-10-08 21:42:15 INFO  ArithmeticServiceTest:77 - Проверяем пару значений 2 - 14
2022-10-08 21:42:15 INFO  ArithmeticServiceTest:86 - Проверка пары значений 2 - 14 прошла успешно
2022-10-08 21:42:15 INFO  ArithmeticServiceTest:77 - Проверяем пару значений 3 - 14
2022-10-08 21:42:15 INFO  ArithmeticServiceTest:86 - Проверка пары значений 3 - 14 прошла успешно
2022-10-08 21:42:15 INFO  ArithmeticServiceTest:77 - Проверяем пару значений 4 - 14
2022-10-08 21:42:15 INFO  ArithmeticServiceTest:86 - Проверка пары значений 4 - 14 прошла успешно
2022-10-08 21:42:15 INFO  ArithmeticServiceTest:77 - Проверяем пару значений 5 - 14
2022-10-08 21:42:15 INFO  ArithmeticServiceTest:86 - Проверка пары значений 5 - 14 прошла успешно
2022-10-08 21:42:15 INFO  ArithmeticServiceTest:77 - Проверяем пару значений 6 - 14
2022-10-08 21:42:15 INFO  ArithmeticServiceTest:86 - Проверка пары значений 6 - 14 прошла успешно
2022-10-08 21:42:15 INFO  ArithmeticServiceTest:77 - Проверяем пару значений 7 - 14
2022-10-08 21:42:15 INFO  ArithmeticServiceTest:86 - Проверка пары значений 7 - 14 прошла успешно
2022-10-08 21:42:15 INFO  ArithmeticServiceTest:77 - Проверяем пару значений 8 - 14
2022-10-08 21:42:15 INFO  ArithmeticServiceTest:86 - Проверка пары значений 8 - 14 прошла успешно
2022-10-08 21:42:15 INFO  ArithmeticServiceTest:77 - Проверяем пару значений 9 - 14
2022-10-08 21:42:15 INFO  ArithmeticServiceTest:86 - Проверка пары значений 9 - 14 прошла успешно
2022-10-08 21:42:15 INFO  ArithmeticServiceTest:77 - Проверяем пару значений 10 - 14
2022-10-08 21:42:15 INFO  ArithmeticServiceTest:86 - Проверка пары значений 10 - 14 прошла успешно
2022-10-08 21:42:15 INFO  ArithmeticServiceTest:77 - Проверяем пару значений 11 - 14
2022-10-08 21:42:15 INFO  ArithmeticServiceTest:86 - Проверка пары значений 11 - 14 прошла успешно
2022-10-08 21:42:15 INFO  ArithmeticServiceTest:77 - Проверяем пару значений 12 - 14
2022-10-08 21:42:15 INFO  ArithmeticServiceTest:86 - Проверка пары значений 12 - 14 прошла успешно
2022-10-08 21:42:15 INFO  ArithmeticServiceTest:77 - Проверяем пару значений 13 - 14
2022-10-08 21:42:15 INFO  ArithmeticServiceTest:86 - Проверка пары значений 13 - 14 прошла успешно
2022-10-08 21:42:15 INFO  ArithmeticServiceTest:77 - Проверяем пару значений 14 - 15
2022-10-08 21:42:15 INFO  ArithmeticServiceTest:86 - Проверка пары значений 14 - 15 прошла успешно
2022-10-08 21:42:15 INFO  ArithmeticServiceTest:77 - Проверяем пару значений 14 - 16
2022-10-08 21:42:15 INFO  ArithmeticServiceTest:86 - Проверка пары значений 14 - 16 прошла успешно
2022-10-08 21:42:15 INFO  ArithmeticServiceTest:77 - Проверяем пару значений 14 - 17
2022-10-08 21:42:16 INFO  ArithmeticServiceTest:86 - Проверка пары значений 14 - 17 прошла успешно
2022-10-08 21:42:16 INFO  ArithmeticServiceTest:77 - Проверяем пару значений 14 - 18
2022-10-08 21:42:16 INFO  ArithmeticServiceTest:86 - Проверка пары значений 14 - 18 прошла успешно
2022-10-08 21:42:16 INFO  ArithmeticServiceTest:77 - Проверяем пару значений 14 - 19
2022-10-08 21:42:16 INFO  ArithmeticServiceTest:86 - Проверка пары значений 14 - 19 прошла успешно
2022-10-08 21:42:16 INFO  ArithmeticServiceTest:77 - Проверяем пару значений 14 - 20
2022-10-08 21:42:16 INFO  ArithmeticServiceTest:86 - Проверка пары значений 14 - 20 прошла успешно
2022-10-08 21:42:16 INFO  ArithmeticServiceTest:77 - Проверяем пару значений 1 - 15
2022-10-08 21:42:16 INFO  ArithmeticServiceTest:86 - Проверка пары значений 1 - 15 прошла успешно
2022-10-08 21:42:16 INFO  ArithmeticServiceTest:77 - Проверяем пару значений 2 - 15
2022-10-08 21:42:16 INFO  ArithmeticServiceTest:86 - Проверка пары значений 2 - 15 прошла успешно
2022-10-08 21:42:16 INFO  ArithmeticServiceTest:77 - Проверяем пару значений 3 - 15
2022-10-08 21:42:16 INFO  ArithmeticServiceTest:86 - Проверка пары значений 3 - 15 прошла успешно
2022-10-08 21:42:16 INFO  ArithmeticServiceTest:77 - Проверяем пару значений 4 - 15
2022-10-08 21:42:16 INFO  ArithmeticServiceTest:86 - Проверка пары значений 4 - 15 прошла успешно
2022-10-08 21:42:16 INFO  ArithmeticServiceTest:77 - Проверяем пару значений 5 - 15
2022-10-08 21:42:16 INFO  ArithmeticServiceTest:86 - Проверка пары значений 5 - 15 прошла успешно
2022-10-08 21:42:16 INFO  ArithmeticServiceTest:77 - Проверяем пару значений 6 - 15
2022-10-08 21:42:16 INFO  ArithmeticServiceTest:86 - Проверка пары значений 6 - 15 прошла успешно
2022-10-08 21:42:16 INFO  ArithmeticServiceTest:77 - Проверяем пару значений 7 - 15
2022-10-08 21:42:16 INFO  ArithmeticServiceTest:86 - Проверка пары значений 7 - 15 прошла успешно
2022-10-08 21:42:16 INFO  ArithmeticServiceTest:77 - Проверяем пару значений 8 - 15
2022-10-08 21:42:16 INFO  ArithmeticServiceTest:86 - Проверка пары значений 8 - 15 прошла успешно
2022-10-08 21:42:16 INFO  ArithmeticServiceTest:77 - Проверяем пару значений 9 - 15
2022-10-08 21:42:16 INFO  ArithmeticServiceTest:86 - Проверка пары значений 9 - 15 прошла успешно
2022-10-08 21:42:16 INFO  ArithmeticServiceTest:77 - Проверяем пару значений 10 - 15
2022-10-08 21:42:16 INFO  ArithmeticServiceTest:86 - Проверка пары значений 10 - 15 прошла успешно
2022-10-08 21:42:16 INFO  ArithmeticServiceTest:77 - Проверяем пару значений 11 - 15
2022-10-08 21:42:16 INFO  ArithmeticServiceTest:86 - Проверка пары значений 11 - 15 прошла успешно
2022-10-08 21:42:16 INFO  ArithmeticServiceTest:77 - Проверяем пару значений 12 - 15
2022-10-08 21:42:16 INFO  ArithmeticServiceTest:86 - Проверка пары значений 12 - 15 прошла успешно
2022-10-08 21:42:16 INFO  ArithmeticServiceTest:77 - Проверяем пару значений 13 - 15
2022-10-08 21:42:16 INFO  ArithmeticServiceTest:86 - Проверка пары значений 13 - 15 прошла успешно
2022-10-08 21:42:16 INFO  ArithmeticServiceTest:77 - Проверяем пару значений 14 - 15
2022-10-08 21:42:16 INFO  ArithmeticServiceTest:86 - Проверка пары значений 14 - 15 прошла успешно
2022-10-08 21:42:16 INFO  ArithmeticServiceTest:77 - Проверяем пару значений 15 - 16
2022-10-08 21:42:16 INFO  ArithmeticServiceTest:86 - Проверка пары значений 15 - 16 прошла успешно
2022-10-08 21:42:16 INFO  ArithmeticServiceTest:77 - Проверяем пару значений 15 - 17
2022-10-08 21:42:16 INFO  ArithmeticServiceTest:86 - Проверка пары значений 15 - 17 прошла успешно
2022-10-08 21:42:16 INFO  ArithmeticServiceTest:77 - Проверяем пару значений 15 - 18
2022-10-08 21:42:16 INFO  ArithmeticServiceTest:86 - Проверка пары значений 15 - 18 прошла успешно
2022-10-08 21:42:16 INFO  ArithmeticServiceTest:77 - Проверяем пару значений 15 - 19
2022-10-08 21:42:16 INFO  ArithmeticServiceTest:86 - Проверка пары значений 15 - 19 прошла успешно
2022-10-08 21:42:16 INFO  ArithmeticServiceTest:77 - Проверяем пару значений 15 - 20
2022-10-08 21:42:16 INFO  ArithmeticServiceTest:86 - Проверка пары значений 15 - 20 прошла успешно
2022-10-08 21:42:16 INFO  ArithmeticServiceTest:77 - Проверяем пару значений 1 - 16
2022-10-08 21:42:16 INFO  ArithmeticServiceTest:86 - Проверка пары значений 1 - 16 прошла успешно
2022-10-08 21:42:16 INFO  ArithmeticServiceTest:77 - Проверяем пару значений 2 - 16
2022-10-08 21:42:16 INFO  ArithmeticServiceTest:86 - Проверка пары значений 2 - 16 прошла успешно
2022-10-08 21:42:16 INFO  ArithmeticServiceTest:77 - Проверяем пару значений 3 - 16
2022-10-08 21:42:16 INFO  ArithmeticServiceTest:86 - Проверка пары значений 3 - 16 прошла успешно
2022-10-08 21:42:16 INFO  ArithmeticServiceTest:77 - Проверяем пару значений 4 - 16
2022-10-08 21:42:16 INFO  ArithmeticServiceTest:86 - Проверка пары значений 4 - 16 прошла успешно
2022-10-08 21:42:16 INFO  ArithmeticServiceTest:77 - Проверяем пару значений 5 - 16
2022-10-08 21:42:17 INFO  ArithmeticServiceTest:86 - Проверка пары значений 5 - 16 прошла успешно
2022-10-08 21:42:17 INFO  ArithmeticServiceTest:77 - Проверяем пару значений 6 - 16
2022-10-08 21:42:17 INFO  ArithmeticServiceTest:86 - Проверка пары значений 6 - 16 прошла успешно
2022-10-08 21:42:17 INFO  ArithmeticServiceTest:77 - Проверяем пару значений 7 - 16
2022-10-08 21:42:17 INFO  ArithmeticServiceTest:86 - Проверка пары значений 7 - 16 прошла успешно
2022-10-08 21:42:17 INFO  ArithmeticServiceTest:77 - Проверяем пару значений 8 - 16
2022-10-08 21:42:17 INFO  ArithmeticServiceTest:86 - Проверка пары значений 8 - 16 прошла успешно
2022-10-08 21:42:17 INFO  ArithmeticServiceTest:77 - Проверяем пару значений 9 - 16
2022-10-08 21:42:17 INFO  ArithmeticServiceTest:86 - Проверка пары значений 9 - 16 прошла успешно
2022-10-08 21:42:17 INFO  ArithmeticServiceTest:77 - Проверяем пару значений 10 - 16
2022-10-08 21:42:17 INFO  ArithmeticServiceTest:86 - Проверка пары значений 10 - 16 прошла успешно
2022-10-08 21:42:17 INFO  ArithmeticServiceTest:77 - Проверяем пару значений 11 - 16
2022-10-08 21:42:17 INFO  ArithmeticServiceTest:86 - Проверка пары значений 11 - 16 прошла успешно
2022-10-08 21:42:17 INFO  ArithmeticServiceTest:77 - Проверяем пару значений 12 - 16
2022-10-08 21:42:17 INFO  ArithmeticServiceTest:86 - Проверка пары значений 12 - 16 прошла успешно
2022-10-08 21:42:17 INFO  ArithmeticServiceTest:77 - Проверяем пару значений 13 - 16
2022-10-08 21:42:17 INFO  ArithmeticServiceTest:86 - Проверка пары значений 13 - 16 прошла успешно
2022-10-08 21:42:17 INFO  ArithmeticServiceTest:77 - Проверяем пару значений 14 - 16
2022-10-08 21:42:17 INFO  ArithmeticServiceTest:86 - Проверка пары значений 14 - 16 прошла успешно
2022-10-08 21:42:17 INFO  ArithmeticServiceTest:77 - Проверяем пару значений 15 - 16
2022-10-08 21:42:17 INFO  ArithmeticServiceTest:86 - Проверка пары значений 15 - 16 прошла успешно
2022-10-08 21:42:17 INFO  ArithmeticServiceTest:77 - Проверяем пару значений 16 - 17
2022-10-08 21:42:17 INFO  ArithmeticServiceTest:86 - Проверка пары значений 16 - 17 прошла успешно
2022-10-08 21:42:17 INFO  ArithmeticServiceTest:77 - Проверяем пару значений 16 - 18
2022-10-08 21:42:17 INFO  ArithmeticServiceTest:86 - Проверка пары значений 16 - 18 прошла успешно
2022-10-08 21:42:17 INFO  ArithmeticServiceTest:77 - Проверяем пару значений 16 - 19
2022-10-08 21:42:17 INFO  ArithmeticServiceTest:86 - Проверка пары значений 16 - 19 прошла успешно
2022-10-08 21:42:17 INFO  ArithmeticServiceTest:77 - Проверяем пару значений 16 - 20
2022-10-08 21:42:17 INFO  ArithmeticServiceTest:86 - Проверка пары значений 16 - 20 прошла успешно
2022-10-08 21:42:17 INFO  ArithmeticServiceTest:77 - Проверяем пару значений 1 - 17
2022-10-08 21:42:17 INFO  ArithmeticServiceTest:86 - Проверка пары значений 1 - 17 прошла успешно
2022-10-08 21:42:17 INFO  ArithmeticServiceTest:77 - Проверяем пару значений 2 - 17
2022-10-08 21:42:17 INFO  ArithmeticServiceTest:86 - Проверка пары значений 2 - 17 прошла успешно
2022-10-08 21:42:17 INFO  ArithmeticServiceTest:77 - Проверяем пару значений 3 - 17
2022-10-08 21:42:17 INFO  ArithmeticServiceTest:86 - Проверка пары значений 3 - 17 прошла успешно
2022-10-08 21:42:17 INFO  ArithmeticServiceTest:77 - Проверяем пару значений 4 - 17
2022-10-08 21:42:17 INFO  ArithmeticServiceTest:86 - Проверка пары значений 4 - 17 прошла успешно
2022-10-08 21:42:17 INFO  ArithmeticServiceTest:77 - Проверяем пару значений 5 - 17
2022-10-08 21:42:17 INFO  ArithmeticServiceTest:86 - Проверка пары значений 5 - 17 прошла успешно
2022-10-08 21:42:17 INFO  ArithmeticServiceTest:77 - Проверяем пару значений 6 - 17
2022-10-08 21:42:17 INFO  ArithmeticServiceTest:86 - Проверка пары значений 6 - 17 прошла успешно
2022-10-08 21:42:17 INFO  ArithmeticServiceTest:77 - Проверяем пару значений 7 - 17
2022-10-08 21:42:17 INFO  ArithmeticServiceTest:86 - Проверка пары значений 7 - 17 прошла успешно
2022-10-08 21:42:17 INFO  ArithmeticServiceTest:77 - Проверяем пару значений 8 - 17
2022-10-08 21:42:17 INFO  ArithmeticServiceTest:86 - Проверка пары значений 8 - 17 прошла успешно
2022-10-08 21:42:17 INFO  ArithmeticServiceTest:77 - Проверяем пару значений 9 - 17
2022-10-08 21:42:17 INFO  ArithmeticServiceTest:86 - Проверка пары значений 9 - 17 прошла успешно
2022-10-08 21:42:17 INFO  ArithmeticServiceTest:77 - Проверяем пару значений 10 - 17
2022-10-08 21:42:17 INFO  ArithmeticServiceTest:86 - Проверка пары значений 10 - 17 прошла успешно
2022-10-08 21:42:17 INFO  ArithmeticServiceTest:77 - Проверяем пару значений 11 - 17
2022-10-08 21:42:17 INFO  ArithmeticServiceTest:86 - Проверка пары значений 11 - 17 прошла успешно
2022-10-08 21:42:17 INFO  ArithmeticServiceTest:77 - Проверяем пару значений 12 - 17
2022-10-08 21:42:17 INFO  ArithmeticServiceTest:86 - Проверка пары значений 12 - 17 прошла успешно
2022-10-08 21:42:17 INFO  ArithmeticServiceTest:77 - Проверяем пару значений 13 - 17
2022-10-08 21:42:18 INFO  ArithmeticServiceTest:86 - Проверка пары значений 13 - 17 прошла успешно
2022-10-08 21:42:18 INFO  ArithmeticServiceTest:77 - Проверяем пару значений 14 - 17
2022-10-08 21:42:18 INFO  ArithmeticServiceTest:86 - Проверка пары значений 14 - 17 прошла успешно
2022-10-08 21:42:18 INFO  ArithmeticServiceTest:77 - Проверяем пару значений 15 - 17
2022-10-08 21:42:18 INFO  ArithmeticServiceTest:86 - Проверка пары значений 15 - 17 прошла успешно
2022-10-08 21:42:18 INFO  ArithmeticServiceTest:77 - Проверяем пару значений 16 - 17
2022-10-08 21:42:18 INFO  ArithmeticServiceTest:86 - Проверка пары значений 16 - 17 прошла успешно
2022-10-08 21:42:18 INFO  ArithmeticServiceTest:77 - Проверяем пару значений 17 - 18
2022-10-08 21:42:18 INFO  ArithmeticServiceTest:86 - Проверка пары значений 17 - 18 прошла успешно
2022-10-08 21:42:18 INFO  ArithmeticServiceTest:77 - Проверяем пару значений 17 - 19
2022-10-08 21:42:18 INFO  ArithmeticServiceTest:86 - Проверка пары значений 17 - 19 прошла успешно
2022-10-08 21:42:18 INFO  ArithmeticServiceTest:77 - Проверяем пару значений 17 - 20
2022-10-08 21:42:18 INFO  ArithmeticServiceTest:86 - Проверка пары значений 17 - 20 прошла успешно
2022-10-08 21:42:18 INFO  ArithmeticServiceTest:77 - Проверяем пару значений 1 - 18
2022-10-08 21:42:18 INFO  ArithmeticServiceTest:86 - Проверка пары значений 1 - 18 прошла успешно
2022-10-08 21:42:18 INFO  ArithmeticServiceTest:77 - Проверяем пару значений 2 - 18
2022-10-08 21:42:18 INFO  ArithmeticServiceTest:86 - Проверка пары значений 2 - 18 прошла успешно
2022-10-08 21:42:18 INFO  ArithmeticServiceTest:77 - Проверяем пару значений 3 - 18
2022-10-08 21:42:18 INFO  ArithmeticServiceTest:86 - Проверка пары значений 3 - 18 прошла успешно
2022-10-08 21:42:18 INFO  ArithmeticServiceTest:77 - Проверяем пару значений 4 - 18
2022-10-08 21:42:18 INFO  ArithmeticServiceTest:86 - Проверка пары значений 4 - 18 прошла успешно
2022-10-08 21:42:18 INFO  ArithmeticServiceTest:77 - Проверяем пару значений 5 - 18
2022-10-08 21:42:18 INFO  ArithmeticServiceTest:86 - Проверка пары значений 5 - 18 прошла успешно
2022-10-08 21:42:18 INFO  ArithmeticServiceTest:77 - Проверяем пару значений 6 - 18
2022-10-08 21:42:18 INFO  ArithmeticServiceTest:86 - Проверка пары значений 6 - 18 прошла успешно
2022-10-08 21:42:18 INFO  ArithmeticServiceTest:77 - Проверяем пару значений 7 - 18
2022-10-08 21:42:18 INFO  ArithmeticServiceTest:86 - Проверка пары значений 7 - 18 прошла успешно
2022-10-08 21:42:18 INFO  ArithmeticServiceTest:77 - Проверяем пару значений 8 - 18
2022-10-08 21:42:18 INFO  ArithmeticServiceTest:86 - Проверка пары значений 8 - 18 прошла успешно
2022-10-08 21:42:18 INFO  ArithmeticServiceTest:77 - Проверяем пару значений 9 - 18
2022-10-08 21:42:18 INFO  ArithmeticServiceTest:86 - Проверка пары значений 9 - 18 прошла успешно
2022-10-08 21:42:18 INFO  ArithmeticServiceTest:77 - Проверяем пару значений 10 - 18
2022-10-08 21:42:18 INFO  ArithmeticServiceTest:86 - Проверка пары значений 10 - 18 прошла успешно
2022-10-08 21:42:18 INFO  ArithmeticServiceTest:77 - Проверяем пару значений 11 - 18
2022-10-08 21:42:18 INFO  ArithmeticServiceTest:86 - Проверка пары значений 11 - 18 прошла успешно
2022-10-08 21:42:18 INFO  ArithmeticServiceTest:77 - Проверяем пару значений 12 - 18
2022-10-08 21:42:18 INFO  ArithmeticServiceTest:86 - Проверка пары значений 12 - 18 прошла успешно
2022-10-08 21:42:18 INFO  ArithmeticServiceTest:77 - Проверяем пару значений 13 - 18
2022-10-08 21:42:18 INFO  ArithmeticServiceTest:86 - Проверка пары значений 13 - 18 прошла успешно
2022-10-08 21:42:18 INFO  ArithmeticServiceTest:77 - Проверяем пару значений 14 - 18
2022-10-08 21:42:18 INFO  ArithmeticServiceTest:86 - Проверка пары значений 14 - 18 прошла успешно
2022-10-08 21:42:18 INFO  ArithmeticServiceTest:77 - Проверяем пару значений 15 - 18
2022-10-08 21:42:18 INFO  ArithmeticServiceTest:86 - Проверка пары значений 15 - 18 прошла успешно
2022-10-08 21:42:18 INFO  ArithmeticServiceTest:77 - Проверяем пару значений 16 - 18
2022-10-08 21:42:18 INFO  ArithmeticServiceTest:86 - Проверка пары значений 16 - 18 прошла успешно
2022-10-08 21:42:18 INFO  ArithmeticServiceTest:77 - Проверяем пару значений 17 - 18
2022-10-08 21:42:18 INFO  ArithmeticServiceTest:86 - Проверка пары значений 17 - 18 прошла успешно
2022-10-08 21:42:18 INFO  ArithmeticServiceTest:77 - Проверяем пару значений 18 - 19
2022-10-08 21:42:18 INFO  ArithmeticServiceTest:86 - Проверка пары значений 18 - 19 прошла успешно
2022-10-08 21:42:18 INFO  ArithmeticServiceTest:77 - Проверяем пару значений 18 - 20
2022-10-08 21:42:18 INFO  ArithmeticServiceTest:86 - Проверка пары значений 18 - 20 прошла успешно
2022-10-08 21:42:18 INFO  ArithmeticServiceTest:77 - Проверяем пару значений 1 - 19
2022-10-08 21:42:18 INFO  ArithmeticServiceTest:86 - Проверка пары значений 1 - 19 прошла успешно
2022-10-08 21:42:18 INFO  ArithmeticServiceTest:77 - Проверяем пару значений 2 - 19
2022-10-08 21:42:19 INFO  ArithmeticServiceTest:86 - Проверка пары значений 2 - 19 прошла успешно
2022-10-08 21:42:19 INFO  ArithmeticServiceTest:77 - Проверяем пару значений 3 - 19
2022-10-08 21:42:19 INFO  ArithmeticServiceTest:86 - Проверка пары значений 3 - 19 прошла успешно
2022-10-08 21:42:19 INFO  ArithmeticServiceTest:77 - Проверяем пару значений 4 - 19
2022-10-08 21:42:19 INFO  ArithmeticServiceTest:86 - Проверка пары значений 4 - 19 прошла успешно
2022-10-08 21:42:19 INFO  ArithmeticServiceTest:77 - Проверяем пару значений 5 - 19
2022-10-08 21:42:19 INFO  ArithmeticServiceTest:86 - Проверка пары значений 5 - 19 прошла успешно
2022-10-08 21:42:19 INFO  ArithmeticServiceTest:77 - Проверяем пару значений 6 - 19
2022-10-08 21:42:19 INFO  ArithmeticServiceTest:86 - Проверка пары значений 6 - 19 прошла успешно
2022-10-08 21:42:19 INFO  ArithmeticServiceTest:77 - Проверяем пару значений 7 - 19
2022-10-08 21:42:19 INFO  ArithmeticServiceTest:86 - Проверка пары значений 7 - 19 прошла успешно
2022-10-08 21:42:19 INFO  ArithmeticServiceTest:77 - Проверяем пару значений 8 - 19
2022-10-08 21:42:19 INFO  ArithmeticServiceTest:86 - Проверка пары значений 8 - 19 прошла успешно
2022-10-08 21:42:19 INFO  ArithmeticServiceTest:77 - Проверяем пару значений 9 - 19
2022-10-08 21:42:19 INFO  ArithmeticServiceTest:86 - Проверка пары значений 9 - 19 прошла успешно
2022-10-08 21:42:19 INFO  ArithmeticServiceTest:77 - Проверяем пару значений 10 - 19
2022-10-08 21:42:19 INFO  ArithmeticServiceTest:86 - Проверка пары значений 10 - 19 прошла успешно
2022-10-08 21:42:19 INFO  ArithmeticServiceTest:77 - Проверяем пару значений 11 - 19
2022-10-08 21:42:19 INFO  ArithmeticServiceTest:86 - Проверка пары значений 11 - 19 прошла успешно
2022-10-08 21:42:19 INFO  ArithmeticServiceTest:77 - Проверяем пару значений 12 - 19
2022-10-08 21:42:19 INFO  ArithmeticServiceTest:86 - Проверка пары значений 12 - 19 прошла успешно
2022-10-08 21:42:19 INFO  ArithmeticServiceTest:77 - Проверяем пару значений 13 - 19
2022-10-08 21:42:19 INFO  ArithmeticServiceTest:86 - Проверка пары значений 13 - 19 прошла успешно
2022-10-08 21:42:19 INFO  ArithmeticServiceTest:77 - Проверяем пару значений 14 - 19
2022-10-08 21:42:19 INFO  ArithmeticServiceTest:86 - Проверка пары значений 14 - 19 прошла успешно
2022-10-08 21:42:19 INFO  ArithmeticServiceTest:77 - Проверяем пару значений 15 - 19
2022-10-08 21:42:19 INFO  ArithmeticServiceTest:86 - Проверка пары значений 15 - 19 прошла успешно
2022-10-08 21:42:19 INFO  ArithmeticServiceTest:77 - Проверяем пару значений 16 - 19
2022-10-08 21:42:19 INFO  ArithmeticServiceTest:86 - Проверка пары значений 16 - 19 прошла успешно
2022-10-08 21:42:19 INFO  ArithmeticServiceTest:77 - Проверяем пару значений 17 - 19
2022-10-08 21:42:19 INFO  ArithmeticServiceTest:86 - Проверка пары значений 17 - 19 прошла успешно
2022-10-08 21:42:19 INFO  ArithmeticServiceTest:77 - Проверяем пару значений 18 - 19
2022-10-08 21:42:19 INFO  ArithmeticServiceTest:86 - Проверка пары значений 18 - 19 прошла успешно
2022-10-08 21:42:19 INFO  ArithmeticServiceTest:77 - Проверяем пару значений 19 - 20
2022-10-08 21:42:19 INFO  ArithmeticServiceTest:86 - Проверка пары значений 19 - 20 прошла успешно
2022-10-08 21:42:19 INFO  ArithmeticServiceTest:77 - Проверяем пару значений 1 - 20
2022-10-08 21:42:19 INFO  ArithmeticServiceTest:86 - Проверка пары значений 1 - 20 прошла успешно
2022-10-08 21:42:19 INFO  ArithmeticServiceTest:77 - Проверяем пару значений 2 - 20
2022-10-08 21:42:19 INFO  ArithmeticServiceTest:86 - Проверка пары значений 2 - 20 прошла успешно
2022-10-08 21:42:19 INFO  ArithmeticServiceTest:77 - Проверяем пару значений 3 - 20
2022-10-08 21:42:19 INFO  ArithmeticServiceTest:86 - Проверка пары значений 3 - 20 прошла успешно
2022-10-08 21:42:19 INFO  ArithmeticServiceTest:77 - Проверяем пару значений 4 - 20
2022-10-08 21:42:19 INFO  ArithmeticServiceTest:86 - Проверка пары значений 4 - 20 прошла успешно
2022-10-08 21:42:19 INFO  ArithmeticServiceTest:77 - Проверяем пару значений 5 - 20
2022-10-08 21:42:19 INFO  ArithmeticServiceTest:86 - Проверка пары значений 5 - 20 прошла успешно
2022-10-08 21:42:19 INFO  ArithmeticServiceTest:77 - Проверяем пару значений 6 - 20
2022-10-08 21:42:19 INFO  ArithmeticServiceTest:86 - Проверка пары значений 6 - 20 прошла успешно
2022-10-08 21:42:19 INFO  ArithmeticServiceTest:77 - Проверяем пару значений 7 - 20
2022-10-08 21:42:19 INFO  ArithmeticServiceTest:86 - Проверка пары значений 7 - 20 прошла успешно
2022-10-08 21:42:19 INFO  ArithmeticServiceTest:77 - Проверяем пару значений 8 - 20
2022-10-08 21:42:19 INFO  ArithmeticServiceTest:86 - Проверка пары значений 8 - 20 прошла успешно
2022-10-08 21:42:19 INFO  ArithmeticServiceTest:77 - Проверяем пару значений 9 - 20
2022-10-08 21:42:19 INFO  ArithmeticServiceTest:86 - Проверка пары значений 9 - 20 прошла успешно
2022-10-08 21:42:19 INFO  ArithmeticServiceTest:77 - Проверяем пару значений 10 - 20
2022-10-08 21:42:19 INFO  ArithmeticServiceTest:86 - Проверка пары значений 10 - 20 прошла успешно
2022-10-08 21:42:19 INFO  ArithmeticServiceTest:77 - Проверяем пару значений 11 - 20
2022-10-08 21:42:20 INFO  ArithmeticServiceTest:86 - Проверка пары значений 11 - 20 прошла успешно
2022-10-08 21:42:20 INFO  ArithmeticServiceTest:77 - Проверяем пару значений 12 - 20
2022-10-08 21:42:20 INFO  ArithmeticServiceTest:86 - Проверка пары значений 12 - 20 прошла успешно
2022-10-08 21:42:20 INFO  ArithmeticServiceTest:77 - Проверяем пару значений 13 - 20
2022-10-08 21:42:20 INFO  ArithmeticServiceTest:86 - Проверка пары значений 13 - 20 прошла успешно
2022-10-08 21:42:20 INFO  ArithmeticServiceTest:77 - Проверяем пару значений 14 - 20
2022-10-08 21:42:20 INFO  ArithmeticServiceTest:86 - Проверка пары значений 14 - 20 прошла успешно
2022-10-08 21:42:20 INFO  ArithmeticServiceTest:77 - Проверяем пару значений 15 - 20
2022-10-08 21:42:20 INFO  ArithmeticServiceTest:86 - Проверка пары значений 15 - 20 прошла успешно
2022-10-08 21:42:20 INFO  ArithmeticServiceTest:77 - Проверяем пару значений 16 - 20
2022-10-08 21:42:20 INFO  ArithmeticServiceTest:86 - Проверка пары значений 16 - 20 прошла успешно
2022-10-08 21:42:20 INFO  ArithmeticServiceTest:77 - Проверяем пару значений 17 - 20
2022-10-08 21:42:20 INFO  ArithmeticServiceTest:86 - Проверка пары значений 17 - 20 прошла успешно
2022-10-08 21:42:20 INFO  ArithmeticServiceTest:77 - Проверяем пару значений 18 - 20
2022-10-08 21:42:20 INFO  ArithmeticServiceTest:86 - Проверка пары значений 18 - 20 прошла успешно
2022-10-08 21:42:20 INFO  ArithmeticServiceTest:77 - Проверяем пару значений 19 - 20
2022-10-08 21:42:20 INFO  ArithmeticServiceTest:86 - Проверка пары значений 19 - 20 прошла успешно
2022-10-08 21:42:20 INFO  ArithmeticServiceTest:36 - Успех
]]></system-out>
  </testcase>
</testsuite>